This file contains any messages produced by compilers while
running configure, to aid debugging if configure makes a mistake.

It was created by libsigrok configure 0.6.0, which was
generated by GNU Autoconf 2.71.  Invocation command line was

  $ ../configure --prefix=/Users/margaret/sr_macosx CC=gcc CXX=g++ PKG_CONFIG_PATH=/Users/margaret/sr_macosx/lib/pkgconfig:/usr/local/opt/libffi/lib/pkgconfig:/usr/local/opt/python@2.7.17/lib/pkgconfig:/usr/local/opt/python@3.9/lib/pkgconfig:/usr/local/opt/qt@5.5/lib/pkgconfig --no-create --no-recursion

## --------- ##
## Platform. ##
## --------- ##

hostname = iMac.attlocal.net
uname -m = x86_64
uname -r = 20.4.0
uname -s = Darwin
uname -v = Darwin Kernel Version 20.4.0: Fri Mar  5 01:14:14 PST 2021; root:xnu-7195.101.1~3/RELEASE_X86_64

/usr/bin/uname -p = i386
/bin/uname -X     = unknown

/bin/arch              = unknown
/usr/bin/arch -k       = unknown
/usr/convex/getsysinfo = unknown
/usr/bin/hostinfo      = Mach kernel version:
	 Darwin Kernel Version 20.4.0: Fri Mar  5 01:14:14 PST 2021; root:xnu-7195.101.1~3/RELEASE_X86_64
Kernel configured for up to 4 processors.
4 processors are physically available.
4 processors are logically available.
Processor type: x86_64h (Intel x86-64h Haswell)
Processors active: 0 1 2 3
Primary memory available: 8.00 gigabytes
Default processor set: 530 tasks, 1974 threads, 4 processors
Load average: 2.01, Mach factor: 2.15
/bin/machine           = unknown
/usr/bin/oslevel       = unknown
/bin/universe          = unknown

PATH: /usr/local/opt/qt@5.5/bin/
PATH: /usr/local/opt/qt@5/bin/
PATH: /usr/local/opt/qt@5/bin/
PATH: /home/margaret/bin/gcc-arm-none-eabi-9-2019-q4-major/bin/
PATH: /usr/local/Cellar/sphinx-doc/3.2.0/libexec/bin/
PATH: /Users/margaret/.pyenv/shims/
PATH: /Library/Frameworks/Python.framework/Versions/2.7/bin/
PATH: /usr/local/bin/
PATH: /usr/bin/
PATH: /bin/
PATH: /usr/sbin/
PATH: /sbin/
PATH: /opt/X11/bin/


## ----------- ##
## Core tests. ##
## ----------- ##

configure:3369: looking for aux files: ltmain.sh config.guess config.sub compile ar-lib missing install-sh
configure:3382:  trying ../autostuff/
configure:3411:   ../autostuff/ltmain.sh found
configure:3411:   ../autostuff/config.guess found
configure:3411:   ../autostuff/config.sub found
configure:3411:   ../autostuff/compile found
configure:3411:   ../autostuff/ar-lib found
configure:3411:   ../autostuff/missing found
configure:3393:   ../autostuff/install-sh found
configure:3546: checking for a BSD-compatible install
configure:3619: result: /usr/local/bin/ginstall -c
configure:3630: checking whether build environment is sane
configure:3685: result: yes
configure:3844: checking for a race-free mkdir -p
configure:3888: result: /usr/local/bin/gmkdir -p
configure:3895: checking for gawk
configure:3930: result: no
configure:3895: checking for mawk
configure:3930: result: no
configure:3895: checking for nawk
configure:3930: result: no
configure:3895: checking for awk
configure:3916: found /usr/bin/awk
configure:3927: result: awk
configure:3938: checking whether make sets $(MAKE)
configure:3961: result: yes
configure:3991: checking whether make supports nested variables
configure:4009: result: yes
configure:4138: checking whether make supports nested variables
configure:4156: result: yes
configure:4180: checking whether make supports the include directive
configure:4195: make -f confmf.GNU && cat confinc.out
this is the am__doit target
configure:4198: $? = 0
configure:4217: result: yes (GNU style)
configure:4293: checking for gcc
configure:4325: result: gcc
configure:4678: checking for C compiler version
configure:4687: gcc --version >&5
Apple clang version 12.0.5 (clang-1205.0.22.9)
Target: x86_64-apple-darwin20.4.0
Thread model: posix
InstalledDir: /Library/Developer/CommandLineTools/usr/bin
Configured with: --prefix=/Library/Developer/CommandLineTools/usr --with-gxx-include-dir=/Library/Developer/CommandLineTools/SDKs/MacOSX.sdk/usr/include/c++/4.2.1
configure:4698: $? = 0
configure:4687: gcc -v >&5
Configured with: --prefix=/Library/Developer/CommandLineTools/usr --with-gxx-include-dir=/Library/Developer/CommandLineTools/SDKs/MacOSX.sdk/usr/include/c++/4.2.1
Apple clang version 12.0.5 (clang-1205.0.22.9)
Target: x86_64-apple-darwin20.4.0
Thread model: posix
InstalledDir: /Library/Developer/CommandLineTools/usr/bin
configure:4698: $? = 0
configure:4687: gcc -V >&5
clang: error: argument to '-V' is missing (expected 1 value)
clang: error: no input files
configure:4698: $? = 1
configure:4687: gcc -qversion >&5
clang: error: unknown argument '-qversion'; did you mean '--version'?
clang: error: no input files
configure:4698: $? = 1
configure:4687: gcc -version >&5
clang: error: unknown argument '-version'; did you mean '--version'?
clang: error: no input files
configure:4698: $? = 1
configure:4718: checking whether the C compiler works
configure:4740: gcc    conftest.c  >&5
configure:4744: $? = 0
configure:4794: result: yes
configure:4797: checking for C compiler default output file name
configure:4799: result: a.out
configure:4805: checking for suffix of executables
configure:4812: gcc -o conftest    conftest.c  >&5
configure:4816: $? = 0
configure:4839: result: 
configure:4861: checking whether we are cross compiling
configure:4869: gcc -o conftest    conftest.c  >&5
configure:4873: $? = 0
configure:4880: ./conftest
configure:4884: $? = 0
configure:4899: result: no
configure:4904: checking for suffix of object files
configure:4927: gcc -c   conftest.c >&5
configure:4931: $? = 0
configure:4953: result: o
configure:4957: checking whether the compiler supports GNU C
configure:4977: gcc -c   conftest.c >&5
configure:4977: $? = 0
configure:4987: result: yes
configure:4998: checking whether gcc accepts -g
configure:5019: gcc -c -g  conftest.c >&5
configure:5019: $? = 0
configure:5063: result: yes
configure:5083: checking for gcc option to enable C11 features
configure:5098: gcc  -c -g -O2  conftest.c >&5
configure:5098: $? = 0
configure:5116: result: none needed
configure:5232: checking whether gcc understands -c and -o together
configure:5255: gcc -c conftest.c -o conftest2.o
configure:5258: $? = 0
configure:5255: gcc -c conftest.c -o conftest2.o
configure:5258: $? = 0
configure:5270: result: yes
configure:5289: checking dependency style of gcc
configure:5401: result: gcc3
configure:5472: checking for ar
configure:5493: found /usr/bin/ar
configure:5504: result: ar
configure:5530: checking the archiver (ar) interface
configure:5547: gcc -c -g -O2  conftest.c >&5
configure:5547: $? = 0
configure:5550: ar cru libconftest.a conftest.o >&5
configure:5553: $? = 0
configure:5581: result: ar
configure:5608: checking build system type
configure:5623: result: x86_64-apple-darwin20.4.0
configure:5643: checking host system type
configure:5657: result: x86_64-apple-darwin20.4.0
configure:5732: checking for gcc
configure:5764: result: gcc
configure:6117: checking for C compiler version
configure:6126: gcc --version >&5
Apple clang version 12.0.5 (clang-1205.0.22.9)
Target: x86_64-apple-darwin20.4.0
Thread model: posix
InstalledDir: /Library/Developer/CommandLineTools/usr/bin
Configured with: --prefix=/Library/Developer/CommandLineTools/usr --with-gxx-include-dir=/Library/Developer/CommandLineTools/SDKs/MacOSX.sdk/usr/include/c++/4.2.1
configure:6137: $? = 0
configure:6126: gcc -v >&5
Configured with: --prefix=/Library/Developer/CommandLineTools/usr --with-gxx-include-dir=/Library/Developer/CommandLineTools/SDKs/MacOSX.sdk/usr/include/c++/4.2.1
Apple clang version 12.0.5 (clang-1205.0.22.9)
Target: x86_64-apple-darwin20.4.0
Thread model: posix
InstalledDir: /Library/Developer/CommandLineTools/usr/bin
configure:6137: $? = 0
configure:6126: gcc -V >&5
clang: error: argument to '-V' is missing (expected 1 value)
clang: error: no input files
configure:6137: $? = 1
configure:6126: gcc -qversion >&5
clang: error: unknown argument '-qversion'; did you mean '--version'?
clang: error: no input files
configure:6137: $? = 1
configure:6126: gcc -version >&5
clang: error: unknown argument '-version'; did you mean '--version'?
clang: error: no input files
configure:6137: $? = 1
configure:6141: checking whether the compiler supports GNU C
configure:6171: result: yes
configure:6182: checking whether gcc accepts -g
configure:6247: result: yes
configure:6267: checking for gcc option to enable C11 features
configure:6300: result: none needed
configure:6416: checking whether gcc understands -c and -o together
configure:6454: result: yes
configure:6473: checking dependency style of gcc
configure:6585: result: gcc3
configure:6728: checking for C++ compiler version
configure:6737: g++ --version >&5
Apple clang version 12.0.5 (clang-1205.0.22.9)
Target: x86_64-apple-darwin20.4.0
Thread model: posix
InstalledDir: /Library/Developer/CommandLineTools/usr/bin
Configured with: --prefix=/Library/Developer/CommandLineTools/usr --with-gxx-include-dir=/Library/Developer/CommandLineTools/SDKs/MacOSX.sdk/usr/include/c++/4.2.1
configure:6748: $? = 0
configure:6737: g++ -v >&5
Configured with: --prefix=/Library/Developer/CommandLineTools/usr --with-gxx-include-dir=/Library/Developer/CommandLineTools/SDKs/MacOSX.sdk/usr/include/c++/4.2.1
Apple clang version 12.0.5 (clang-1205.0.22.9)
Target: x86_64-apple-darwin20.4.0
Thread model: posix
InstalledDir: /Library/Developer/CommandLineTools/usr/bin
configure:6748: $? = 0
configure:6737: g++ -V >&5
clang: error: argument to '-V' is missing (expected 1 value)
clang: error: no input files
configure:6748: $? = 1
configure:6737: g++ -qversion >&5
clang: error: unknown argument '-qversion'; did you mean '--version'?
clang: error: no input files
configure:6748: $? = 1
configure:6752: checking whether the compiler supports GNU C++
configure:6772: g++ -c   conftest.cpp >&5
configure:6772: $? = 0
configure:6782: result: yes
configure:6793: checking whether g++ accepts -g
configure:6814: g++ -c -g  conftest.cpp >&5
configure:6814: $? = 0
configure:6858: result: yes
configure:6878: checking for g++ option to enable C++11 features
configure:6893: g++  -c -g -O2  conftest.cpp >&5
conftest.cpp:55:3: error: "Compiler does not advertise C++11 conformance"
# error "Compiler does not advertise C++11 conformance"
  ^
conftest.cpp:60:3: error: unknown type name 'constexpr'
  constexpr int get_val() { return 20; }
  ^
conftest.cpp:72:17: error: delegating constructors are permitted only in C++11
    delegate(): delegate(2354) {}
                ^~~~~~~~
conftest.cpp:83:26: warning: 'override' keyword is a C++11 extension [-Wc++11-extensions]
    virtual int getval() override final { return this->n * 2; }
                         ^
conftest.cpp:83:35: warning: 'final' keyword is a C++11 extension [-Wc++11-extensions]
    virtual int getval() override final { return this->n * 2; }
                                  ^
conftest.cpp:90:16: warning: defaulted function definitions are a C++11 extension [-Wc++11-extensions]
    nocopy() = default;
               ^
conftest.cpp:91:29: warning: deleted function definitions are a C++11 extension [-Wc++11-extensions]
    nocopy(const nocopy&) = delete;
                            ^
conftest.cpp:92:41: warning: deleted function definitions are a C++11 extension [-Wc++11-extensions]
    nocopy & operator=(const nocopy&) = delete;
                                        ^
conftest.cpp:104:25: warning: 'auto' type specifier is a C++11 extension [-Wc++11-extensions]
  template <typename V> auto sum(V first) -> V
                        ^
conftest.cpp:104:25: error: 'auto' not allowed in function return type
  template <typename V> auto sum(V first) -> V
                        ^~~~
conftest.cpp:104:42: error: expected ';' at end of declaration
  template <typename V> auto sum(V first) -> V
                                         ^
                                         ;
conftest.cpp:104:43: error: cannot use arrow operator on a type
  template <typename V> auto sum(V first) -> V
                                          ^
conftest.cpp:108:33: warning: variadic templates are a C++11 extension [-Wc++11-extensions]
  template <typename V, typename... Args> auto sum(V first, Args... rest) -> V
                                ^
conftest.cpp:108:43: warning: 'auto' type specifier is a C++11 extension [-Wc++11-extensions]
  template <typename V, typename... Args> auto sum(V first, Args... rest) -> V
                                          ^
conftest.cpp:108:43: error: 'auto' not allowed in function return type
  template <typename V, typename... Args> auto sum(V first, Args... rest) -> V
                                          ^~~~
conftest.cpp:108:74: error: expected ';' at end of declaration
  template <typename V, typename... Args> auto sum(V first, Args... rest) -> V
                                                                         ^
                                                                         ;
conftest.cpp:108:75: error: cannot use arrow operator on a type
  template <typename V, typename... Args> auto sum(V first, Args... rest) -> V
                                                                          ^
conftest.cpp:132:3: warning: 'auto' type specifier is a C++11 extension [-Wc++11-extensions]
  auto a1 = 6538;
  ^
conftest.cpp:133:3: warning: 'auto' type specifier is a C++11 extension [-Wc++11-extensions]
  auto a2 = 48573953.4;
  ^
conftest.cpp:134:3: warning: 'auto' type specifier is a C++11 extension [-Wc++11-extensions]
  auto a3 = "String literal";
  ^
conftest.cpp:137:8: warning: 'auto' type specifier is a C++11 extension [-Wc++11-extensions]
  for (auto i = a3; *i; ++i) { total += *i; }
       ^
conftest.cpp:153:8: warning: 'auto' type specifier is a C++11 extension [-Wc++11-extensions]
  for (auto &x : array) { x += 23; }
       ^
conftest.cpp:153:16: warning: range-based for loop is a C++11 extension [-Wc++11-extensions]
  for (auto &x : array) { x += 23; }
               ^
conftest.cpp:158:17: error: expected expression
  assert (eval ([](int x) { return x*2; }, 21) == 42);
                ^
conftest.cpp:160:17: error: expected expression
  assert (eval ([&](double x) { return d += x; }, 3.0) == 5.0);
                ^
conftest.cpp:162:17: error: expected expression
  assert (eval ([=](double x) mutable { return d += x; }, 4.0) == 9.0);
                ^
conftest.cpp:168:3: warning: 'auto' type specifier is a C++11 extension [-Wc++11-extensions]
  auto a = sum(1);
  ^
conftest.cpp:168:12: error: no matching function for call to 'sum'
  auto a = sum(1);
           ^~~
conftest.cpp:169:3: warning: 'auto' type specifier is a C++11 extension [-Wc++11-extensions]
  auto b = sum(1, 2);
  ^
conftest.cpp:169:12: error: no matching function for call to 'sum'
  auto b = sum(1, 2);
           ^~~
conftest.cpp:170:3: warning: 'auto' type specifier is a C++11 extension [-Wc++11-extensions]
  auto c = sum(1.0, 2.0, 3.0);
  ^
conftest.cpp:170:12: error: no matching function for call to 'sum'
  auto c = sum(1.0, 2.0, 3.0);
           ^~~
conftest.cpp:175:25: warning: empty parentheses interpreted as a function declaration [-Wvexing-parse]
  cxx11test::delegate d2();
                        ^~
conftest.cpp:175:25: note: remove parentheses to declare a variable
  cxx11test::delegate d2();
                        ^~
conftest.cpp:188:16: error: found '<::' after a template name which forms the digraph '<:' (aka '[') and a ':', did you mean '< ::'?
  test_template<::test_template<int>> v(test_template<int>(12));
               ^~~
               < ::
conftest.cpp:188:36: error: a space is required between consecutive right angle brackets (use '> >')
  test_template<::test_template<int>> v(test_template<int>(12));
                                   ^~
                                   > >
conftest.cpp:192:22: error: use of undeclared identifier 'u8'
  char const *utf8 = u8"UTF-8 string \u2500";
                     ^
conftest.cpp:192:24: error: expected ';' at end of declaration
  char const *utf8 = u8"UTF-8 string \u2500";
                       ^
                       ;
fatal error: too many errors emitted, stopping now [-ferror-limit=]
18 warnings and 20 errors generated.
configure:6893: $? = 1
configure: failed program was:
| /* confdefs.h */
| #define PACKAGE_NAME "libsigrok"
| #define PACKAGE_TARNAME "libsigrok"
| #define PACKAGE_VERSION "0.6.0"
| #define PACKAGE_STRING "libsigrok 0.6.0"
| #define PACKAGE_BUGREPORT "sigrok-devel@lists.sourceforge.net"
| #define PACKAGE_URL "http://www.sigrok.org"
| /* end confdefs.h.  */
| 
| // Does the compiler advertise C++98 conformance?
| #if !defined __cplusplus || __cplusplus < 199711L
| # error "Compiler does not advertise C++98 conformance"
| #endif
| 
| // These inclusions are to reject old compilers that
| // lack the unsuffixed header files.
| #include <cstdlib>
| #include <exception>
| 
| // <cassert> and <cstring> are *not* freestanding headers in C++98.
| extern void assert (int);
| namespace std {
|   extern int strcmp (const char *, const char *);
| }
| 
| // Namespaces, exceptions, and templates were all added after "C++ 2.0".
| using std::exception;
| using std::strcmp;
| 
| namespace {
| 
| void test_exception_syntax()
| {
|   try {
|     throw "test";
|   } catch (const char *s) {
|     // Extra parentheses suppress a warning when building autoconf itself,
|     // due to lint rules shared with more typical C programs.
|     assert (!(strcmp) (s, "test"));
|   }
| }
| 
| template <typename T> struct test_template
| {
|   T const val;
|   explicit test_template(T t) : val(t) {}
|   template <typename U> T add(U u) { return static_cast<T>(u) + val; }
| };
| 
| } // anonymous namespace
| 
| 
| // Does the compiler advertise C++ 2011 conformance?
| #if !defined __cplusplus || __cplusplus < 201103L
| # error "Compiler does not advertise C++11 conformance"
| #endif
| 
| namespace cxx11test
| {
|   constexpr int get_val() { return 20; }
| 
|   struct testinit
|   {
|     int i;
|     double d;
|   };
| 
|   class delegate
|   {
|   public:
|     delegate(int n) : n(n) {}
|     delegate(): delegate(2354) {}
| 
|     virtual int getval() { return this->n; };
|   protected:
|     int n;
|   };
| 
|   class overridden : public delegate
|   {
|   public:
|     overridden(int n): delegate(n) {}
|     virtual int getval() override final { return this->n * 2; }
|   };
| 
|   class nocopy
|   {
|   public:
|     nocopy(int i): i(i) {}
|     nocopy() = default;
|     nocopy(const nocopy&) = delete;
|     nocopy & operator=(const nocopy&) = delete;
|   private:
|     int i;
|   };
| 
|   // for testing lambda expressions
|   template <typename Ret, typename Fn> Ret eval(Fn f, Ret v)
|   {
|     return f(v);
|   }
| 
|   // for testing variadic templates and trailing return types
|   template <typename V> auto sum(V first) -> V
|   {
|     return first;
|   }
|   template <typename V, typename... Args> auto sum(V first, Args... rest) -> V
|   {
|     return first + sum(rest...);
|   }
| }
| 
| 
| int
| main (int argc, char **argv)
| {
|   int ok = 0;
|   
|   assert (argc);
|   assert (! argv[0]);
| {
|   test_exception_syntax ();
|   test_template<double> tt (2.0);
|   assert (tt.add (4) == 6.0);
|   assert (true && !false);
| }
| 
|   
| {
|   // Test auto and decltype
|   auto a1 = 6538;
|   auto a2 = 48573953.4;
|   auto a3 = "String literal";
| 
|   int total = 0;
|   for (auto i = a3; *i; ++i) { total += *i; }
| 
|   decltype(a2) a4 = 34895.034;
| }
| {
|   // Test constexpr
|   short sa[cxx11test::get_val()] = { 0 };
| }
| {
|   // Test initializer lists
|   cxx11test::testinit il = { 4323, 435234.23544 };
| }
| {
|   // Test range-based for
|   int array[] = {9, 7, 13, 15, 4, 18, 12, 10, 5, 3,
|                  14, 19, 17, 8, 6, 20, 16, 2, 11, 1};
|   for (auto &x : array) { x += 23; }
| }
| {
|   // Test lambda expressions
|   using cxx11test::eval;
|   assert (eval ([](int x) { return x*2; }, 21) == 42);
|   double d = 2.0;
|   assert (eval ([&](double x) { return d += x; }, 3.0) == 5.0);
|   assert (d == 5.0);
|   assert (eval ([=](double x) mutable { return d += x; }, 4.0) == 9.0);
|   assert (d == 5.0);
| }
| {
|   // Test use of variadic templates
|   using cxx11test::sum;
|   auto a = sum(1);
|   auto b = sum(1, 2);
|   auto c = sum(1.0, 2.0, 3.0);
| }
| {
|   // Test constructor delegation
|   cxx11test::delegate d1;
|   cxx11test::delegate d2();
|   cxx11test::delegate d3(45);
| }
| {
|   // Test override and final
|   cxx11test::overridden o1(55464);
| }
| {
|   // Test nullptr
|   char *c = nullptr;
| }
| {
|   // Test template brackets
|   test_template<::test_template<int>> v(test_template<int>(12));
| }
| {
|   // Unicode literals
|   char const *utf8 = u8"UTF-8 string \u2500";
|   char16_t const *utf16 = u"UTF-8 string \u2500";
|   char32_t const *utf32 = U"UTF-32 string \u2500";
| }
| 
|   return ok;
| }
| 
configure:6911: result: none needed
configure:6977: checking dependency style of g++
configure:7089: result: gcc3
configure:7105: checking whether ln -s works
configure:7109: result: yes
Configured with: --prefix=/Library/Developer/CommandLineTools/usr --with-gxx-include-dir=/Library/Developer/CommandLineTools/SDKs/MacOSX.sdk/usr/include/c++/4.2.1
Configured with: --prefix=/Library/Developer/CommandLineTools/usr --with-gxx-include-dir=/Library/Developer/CommandLineTools/SDKs/MacOSX.sdk/usr/include/c++/4.2.1
configure:7140: checking whether make supports order-only prerequisites
configure:7161: result: yes
configure:7220: checking how to print strings
configure:7247: result: printf
configure:7268: checking for a sed that does not truncate output
configure:7338: result: /usr/bin/sed
configure:7356: checking for grep that handles long lines and -e
configure:7420: result: /usr/bin/grep
configure:7425: checking for egrep
configure:7493: result: /usr/bin/grep -E
configure:7498: checking for fgrep
configure:7566: result: /usr/bin/grep -F
configure:7602: checking for ld used by gcc
configure:7670: result: /Library/Developer/CommandLineTools/usr/bin/ld
configure:7677: checking if the linker (/Library/Developer/CommandLineTools/usr/bin/ld) is GNU ld
configure:7693: result: no
configure:7705: checking for BSD- or MS-compatible name lister (nm)
configure:7760: result: /usr/bin/nm -B
configure:7900: checking the name lister (/usr/bin/nm -B) interface
configure:7908: gcc -c -g -O2  conftest.c >&5
configure:7911: /usr/bin/nm -B "conftest.o"
configure:7914: output
0000000000000248 S _some_variable
configure:7921: result: BSD nm
configure:7925: checking the maximum length of command line arguments
configure:8057: result: 786432
configure:8105: checking how to convert x86_64-apple-darwin20.4.0 file names to x86_64-apple-darwin20.4.0 format
configure:8146: result: func_convert_file_noop
configure:8153: checking how to convert x86_64-apple-darwin20.4.0 file names to toolchain format
configure:8174: result: func_convert_file_noop
configure:8181: checking for /Library/Developer/CommandLineTools/usr/bin/ld option to reload object files
configure:8189: result: -r
configure:8268: checking for objdump
configure:8289: found /usr/bin/objdump
configure:8300: result: objdump
configure:8332: checking how to recognize dependent libraries
configure:8533: result: pass_all
configure:8623: checking for dlltool
configure:8658: result: no
configure:8688: checking how to associate runtime and link libraries
configure:8716: result: printf %s\n
configure:8850: checking for archiver @FILE support
configure:8868: gcc -c -g -O2  conftest.c >&5
configure:8868: $? = 0
configure:8872: ar cru libconftest.a @conftest.lst >&5
ar: @conftest.lst: No such file or directory
configure:8875: $? = 1
configure:8895: result: no
configure:8958: checking for strip
configure:8979: found /usr/bin/strip
configure:8990: result: strip
configure:9067: checking for ranlib
configure:9088: found /usr/bin/ranlib
configure:9099: result: ranlib
configure:9201: checking command to parse /usr/bin/nm -B output from gcc object
configure:9355: gcc -c -g -O2  conftest.c >&5
configure:9358: $? = 0
configure:9362: /usr/bin/nm -B conftest.o \| sed -n -e 's/^.*[ ]\([BCDEGRST][BCDEGRST]*\)[ ][ ]*\([_A-Za-z][_A-Za-z0-9]*\)$/\1 \2 \2/p' | sed '/ __gnu_lto/d' \> conftest.nm
configure:9365: $? = 0
cannot find nm_test_var in conftest.nm
configure:9355: gcc -c -g -O2  conftest.c >&5
configure:9358: $? = 0
configure:9362: /usr/bin/nm -B conftest.o \| sed -n -e 's/^.*[ ]\([BCDEGRST][BCDEGRST]*\)[ ][ ]*_\([_A-Za-z][_A-Za-z0-9]*\)$/\1 _\2 \2/p' | sed '/ __gnu_lto/d' \> conftest.nm
configure:9365: $? = 0
configure:9431: gcc -o conftest -g -O2   conftest.c conftstm.o >&5
warning: (x86_64)  could not find object file symbol for symbol _main
configure:9434: $? = 0
configure:9472: result: ok
configure:9519: checking for sysroot
configure:9550: result: no
configure:9557: checking for a working dd
configure:9601: result: /bin/dd
configure:9605: checking how to truncate binary pipes
configure:9621: result: /bin/dd bs=4096 count=1
configure:9958: checking for mt
configure:9993: result: no
configure:10013: checking if : is a manifest tool
configure:10020: : '-?'
configure:10028: result: no
configure:10089: checking for dsymutil
configure:10110: found /usr/bin/dsymutil
configure:10121: result: dsymutil
configure:10191: checking for nmedit
configure:10212: found /usr/bin/nmedit
configure:10223: result: nmedit
configure:10293: checking for lipo
configure:10314: found /usr/bin/lipo
configure:10325: result: lipo
configure:10395: checking for otool
configure:10416: found /usr/bin/otool
configure:10427: result: otool
configure:10497: checking for otool64
configure:10532: result: no
configure:10577: checking for -single_module linker flag
gcc -g -O2  -o libconftest.dylib -dynamiclib -Wl,-single_module conftest.c
configure:10611: result: yes
configure:10614: checking for -exported_symbols_list linker flag
configure:10635: gcc -o conftest -g -O2   -Wl,-exported_symbols_list,conftest.sym conftest.c  >&5
configure:10635: $? = 0
configure:10646: result: yes
configure:10649: checking for -force_load linker flag
gcc -g -O2 -c -o conftest.o conftest.c
ar cru libconftest.a conftest.o
ranlib libconftest.a
gcc -g -O2  -o conftest conftest.c -Wl,-force_load,./libconftest.a
configure:10682: result: yes
configure:10753: checking for stdio.h
configure:10753: gcc -c -g -O2  conftest.c >&5
configure:10753: $? = 0
configure:10753: result: yes
configure:10753: checking for stdlib.h
configure:10753: gcc -c -g -O2  conftest.c >&5
configure:10753: $? = 0
configure:10753: result: yes
configure:10753: checking for string.h
configure:10753: gcc -c -g -O2  conftest.c >&5
configure:10753: $? = 0
configure:10753: result: yes
configure:10753: checking for inttypes.h
configure:10753: gcc -c -g -O2  conftest.c >&5
configure:10753: $? = 0
configure:10753: result: yes
configure:10753: checking for stdint.h
configure:10753: gcc -c -g -O2  conftest.c >&5
configure:10753: $? = 0
configure:10753: result: yes
configure:10753: checking for strings.h
configure:10753: gcc -c -g -O2  conftest.c >&5
configure:10753: $? = 0
configure:10753: result: yes
configure:10753: checking for sys/stat.h
configure:10753: gcc -c -g -O2  conftest.c >&5
configure:10753: $? = 0
configure:10753: result: yes
configure:10753: checking for sys/types.h
configure:10753: gcc -c -g -O2  conftest.c >&5
configure:10753: $? = 0
configure:10753: result: yes
configure:10753: checking for unistd.h
configure:10753: gcc -c -g -O2  conftest.c >&5
configure:10753: $? = 0
configure:10753: result: yes
configure:10778: checking for dlfcn.h
configure:10778: gcc -c -g -O2  conftest.c >&5
configure:10778: $? = 0
configure:10778: result: yes
configure:11048: checking for objdir
configure:11064: result: .libs
configure:11328: checking if gcc supports -fno-rtti -fno-exceptions
configure:11347: gcc -c -g -O2  -fno-rtti -fno-exceptions conftest.c >&5
configure:11351: $? = 0
configure:11364: result: yes
configure:11722: checking for gcc option to produce PIC
configure:11730: result: -fno-common -DPIC
configure:11738: checking if gcc PIC flag -fno-common -DPIC works
configure:11757: gcc -c -g -O2  -fno-common -DPIC -DPIC conftest.c >&5
configure:11761: $? = 0
configure:11774: result: yes
configure:11803: checking if gcc static flag -static works
configure:11832: result: no
configure:11847: checking if gcc supports -c -o file.o
configure:11869: gcc -c -g -O2  -o out/conftest2.o conftest.c >&5
configure:11873: $? = 0
configure:11895: result: yes
configure:11903: checking if gcc supports -c -o file.o
configure:11951: result: yes
configure:11984: checking whether the gcc linker (/Library/Developer/CommandLineTools/usr/bin/ld) supports shared libraries
configure:13250: result: yes
configure:13491: checking dynamic linker characteristics
configure:14312: result: darwin20.4.0 dyld
configure:14434: checking how to hardcode library paths into programs
configure:14459: result: immediate
configure:15011: checking whether stripping libraries is possible
configure:15025: result: yes
configure:15051: checking if libtool supports shared libraries
configure:15053: result: yes
configure:15056: checking whether to build shared libraries
configure:15081: result: yes
configure:15084: checking whether to build static libraries
configure:15088: result: yes
configure:15111: checking how to run the C++ preprocessor
configure:15133: g++ -E  conftest.cpp
configure:15133: $? = 0
configure:15148: g++ -E  conftest.cpp
conftest.cpp:21:10: fatal error: 'ac_nonexistent.h' file not found
#include <ac_nonexistent.h>
         ^~~~~~~~~~~~~~~~~~
1 error generated.
configure:15148: $? = 1
configure: failed program was:
| /* confdefs.h */
| #define PACKAGE_NAME "libsigrok"
| #define PACKAGE_TARNAME "libsigrok"
| #define PACKAGE_VERSION "0.6.0"
| #define PACKAGE_STRING "libsigrok 0.6.0"
| #define PACKAGE_BUGREPORT "sigrok-devel@lists.sourceforge.net"
| #define PACKAGE_URL "http://www.sigrok.org"
| #define HAVE_STDIO_H 1
| #define HAVE_STDLIB_H 1
| #define HAVE_STRING_H 1
| #define HAVE_INTTYPES_H 1
| #define HAVE_STDINT_H 1
| #define HAVE_STRINGS_H 1
| #define HAVE_SYS_STAT_H 1
| #define HAVE_SYS_TYPES_H 1
| #define HAVE_UNISTD_H 1
| #define STDC_HEADERS 1
| #define HAVE_DLFCN_H 1
| #define LT_OBJDIR ".libs/"
| /* end confdefs.h.  */
| #include <ac_nonexistent.h>
configure:15175: result: g++ -E
configure:15189: g++ -E  conftest.cpp
configure:15189: $? = 0
configure:15204: g++ -E  conftest.cpp
conftest.cpp:21:10: fatal error: 'ac_nonexistent.h' file not found
#include <ac_nonexistent.h>
         ^~~~~~~~~~~~~~~~~~
1 error generated.
configure:15204: $? = 1
configure: failed program was:
| /* confdefs.h */
| #define PACKAGE_NAME "libsigrok"
| #define PACKAGE_TARNAME "libsigrok"
| #define PACKAGE_VERSION "0.6.0"
| #define PACKAGE_STRING "libsigrok 0.6.0"
| #define PACKAGE_BUGREPORT "sigrok-devel@lists.sourceforge.net"
| #define PACKAGE_URL "http://www.sigrok.org"
| #define HAVE_STDIO_H 1
| #define HAVE_STDLIB_H 1
| #define HAVE_STRING_H 1
| #define HAVE_INTTYPES_H 1
| #define HAVE_STDINT_H 1
| #define HAVE_STRINGS_H 1
| #define HAVE_SYS_STAT_H 1
| #define HAVE_SYS_TYPES_H 1
| #define HAVE_UNISTD_H 1
| #define STDC_HEADERS 1
| #define HAVE_DLFCN_H 1
| #define LT_OBJDIR ".libs/"
| /* end confdefs.h.  */
| #include <ac_nonexistent.h>
configure:15369: checking for ld used by g++
configure:15437: result: /Library/Developer/CommandLineTools/usr/bin/ld
configure:15444: checking if the linker (/Library/Developer/CommandLineTools/usr/bin/ld) is GNU ld
configure:15460: result: no
configure:15515: checking whether the g++ linker (/Library/Developer/CommandLineTools/usr/bin/ld) supports shared libraries
configure:16592: result: yes
configure:16628: g++ -c -g -O2  conftest.cpp >&5
configure:16631: $? = 0
configure:17112: checking for g++ option to produce PIC
configure:17120: result: -fno-common -DPIC
configure:17128: checking if g++ PIC flag -fno-common -DPIC works
configure:17147: g++ -c -g -O2  -fno-common -DPIC -DPIC conftest.cpp >&5
configure:17151: $? = 0
configure:17164: result: yes
configure:17187: checking if g++ static flag -static works
configure:17216: result: no
configure:17228: checking if g++ supports -c -o file.o
configure:17250: g++ -c -g -O2  -o out/conftest2.o conftest.cpp >&5
configure:17254: $? = 0
configure:17276: result: yes
configure:17281: checking if g++ supports -c -o file.o
configure:17329: result: yes
configure:17359: checking whether the g++ linker (/Library/Developer/CommandLineTools/usr/bin/ld) supports shared libraries
configure:17399: result: yes
configure:17541: checking dynamic linker characteristics
configure:18289: result: darwin20.4.0 dyld
configure:18354: checking how to hardcode library paths into programs
configure:18379: result: immediate
fatal: No names found, cannot describe anything.
configure:18579: checking for pkg-config
configure:18602: found /usr/local/bin/pkg-config
configure:18614: result: /usr/local/bin/pkg-config
configure:18639: checking pkg-config is at least version 0.22
configure:18642: result: yes
configure:18685: checking for libserialport
configure:18688: $PKG_CONFIG --exists --print-errors "libserialport >= 0.1.1"
configure:18691: $? = 0
configure:18702: result: yes
configure:18738: checking for libftdi
configure:18741: $PKG_CONFIG --exists --print-errors "libftdi1 >= 1.0"
configure:18744: $? = 0
configure:18755: result: yes
configure:18792: checking for libhidapi
configure:18795: $PKG_CONFIG --exists --print-errors "hidapi >= 0.8.0"
Package hidapi was not found in the pkg-config search path.
Perhaps you should add the directory containing `hidapi.pc'
to the PKG_CONFIG_PATH environment variable
No package 'hidapi' found
configure:18798: $? = 1
configure:18807: $PKG_CONFIG --exists --print-errors "hidapi-hidraw >= 0.8.0"
Package hidapi-hidraw was not found in the pkg-config search path.
Perhaps you should add the directory containing `hidapi-hidraw.pc'
to the PKG_CONFIG_PATH environment variable
No package 'hidapi-hidraw' found
configure:18810: $? = 1
configure:18819: $PKG_CONFIG --exists --print-errors "hidapi-libusb >= 0.8.0"
Package hidapi-libusb was not found in the pkg-config search path.
Perhaps you should add the directory containing `hidapi-libusb.pc'
to the PKG_CONFIG_PATH environment variable
No package 'hidapi-libusb' found
configure:18822: $? = 1
configure:18837: result: no
configure:18873: checking for libbluez
configure:18876: $PKG_CONFIG --exists --print-errors "bluez >= 4.0"
Package bluez was not found in the pkg-config search path.
Perhaps you should add the directory containing `bluez.pc'
to the PKG_CONFIG_PATH environment variable
No package 'bluez' found
configure:18879: $? = 1
configure:18890: result: no
configure:18926: checking for libnettle
configure:18929: $PKG_CONFIG --exists --print-errors "nettle"
Package nettle was not found in the pkg-config search path.
Perhaps you should add the directory containing `nettle.pc'
to the PKG_CONFIG_PATH environment variable
No package 'nettle' found
configure:18932: $? = 1
configure:18943: result: no
configure:18992: checking for libusb
configure:18995: $PKG_CONFIG --exists --print-errors "$sr_libusb_req"
configure:18998: $? = 0
configure:19009: result: yes
configure:19053: checking for librevisa
configure:19056: $PKG_CONFIG --exists --print-errors "librevisa >= 0.0.20130412"
Package librevisa was not found in the pkg-config search path.
Perhaps you should add the directory containing `librevisa.pc'
to the PKG_CONFIG_PATH environment variable
No package 'librevisa' found
configure:19059: $? = 1
configure:19070: result: no
configure:19114: checking for libgpib
configure:19117: $PKG_CONFIG --exists --print-errors "libgpib"
Package libgpib was not found in the pkg-config search path.
Perhaps you should add the directory containing `libgpib.pc'
to the PKG_CONFIG_PATH environment variable
No package 'libgpib' found
configure:19120: $? = 1
configure:19131: result: no
configure:19175: checking for libieee1284
configure:19191: gcc -o conftest -g -O2   conftest.c -lieee1284  >&5
conftest.c:35:10: fatal error: 'ieee1284.h' file not found
#include <ieee1284.h>
         ^~~~~~~~~~~~
1 error generated.
configure:19191: $? = 1
configure: failed program was:
| /* confdefs.h */
| #define PACKAGE_NAME "libsigrok"
| #define PACKAGE_TARNAME "libsigrok"
| #define PACKAGE_VERSION "0.6.0"
| #define PACKAGE_STRING "libsigrok 0.6.0"
| #define PACKAGE_BUGREPORT "sigrok-devel@lists.sourceforge.net"
| #define PACKAGE_URL "http://www.sigrok.org"
| #define HAVE_STDIO_H 1
| #define HAVE_STDLIB_H 1
| #define HAVE_STRING_H 1
| #define HAVE_INTTYPES_H 1
| #define HAVE_STDINT_H 1
| #define HAVE_STRINGS_H 1
| #define HAVE_SYS_STAT_H 1
| #define HAVE_SYS_TYPES_H 1
| #define HAVE_UNISTD_H 1
| #define STDC_HEADERS 1
| #define HAVE_DLFCN_H 1
| #define LT_OBJDIR ".libs/"
| #define SR_PACKAGE_VERSION_MAJOR 0
| #define SR_PACKAGE_VERSION_MINOR 6
| #define SR_PACKAGE_VERSION_MICRO 0
| #define SR_PACKAGE_VERSION_STRING "0.6.0-git-f7305a73"
| #define SR_LIB_VERSION_CURRENT 4
| #define SR_LIB_VERSION_REVISION 0
| #define SR_LIB_VERSION_AGE 0
| #define SR_LIB_VERSION_STRING "4:0:0"
| #define HAVE_LIBSERIALPORT 1
| #define CONF_LIBSERIALPORT_VERSION "0.1.1"
| #define HAVE_LIBFTDI 1
| #define CONF_LIBFTDI_VERSION "1.5"
| #define HAVE_LIBUSB_1_0 1
| #define CONF_LIBUSB_1_0_VERSION "1.0.24"
| /* end confdefs.h.  */
| #include <ieee1284.h>
| int
| main (void)
| {
| (void) ieee1284_open(0, 0, 0);
|   ;
|   return 0;
| }
configure:19201: result: no
configure:19236: checking for libgio
configure:19239: $PKG_CONFIG --exists --print-errors "gio-2.0 >= 2.24.0"
configure:19242: $? = 0
configure:19253: result: yes
configure:19327: $PKG_CONFIG --exists --print-errors "check >= 0.9.4"
configure:19330: $? = 0
configure:19353: checking compiler flag for C99
configure:19371: gcc -c -g -O2  -std=c99 conftest.c >&5
configure:19371: $? = 0
configure:19383: result: -std=c99
configure:19387: checking compiler flag for visibility
configure:19405: gcc -c -g -O2  -fvisibility=hidden conftest.c >&5
configure:19405: $? = 0
configure:19417: result: -fvisibility=hidden
configure:19453: checking which C compiler warning flags to use
configure:19475: result: -Wall -Wextra -Wmissing-prototypes
configure:19487: checking for special C compiler options needed for large files
configure:19535: result: no
configure:19541: checking for _FILE_OFFSET_BITS value needed for large files
configure:19567: gcc -c -g -O2  conftest.c >&5
configure:19567: $? = 0
configure:19601: result: no
configure:19683: checking whether byte ordering is bigendian
configure:19699: gcc -c -g -O2  conftest.c >&5
configure:19699: $? = 0
configure:19745: gcc -c -g -O2  conftest.c >&5
configure:19745: $? = 0
configure:19764: gcc -c -g -O2  conftest.c >&5
conftest.c:45:4: error: use of undeclared identifier 'not'
                 not big endian
                 ^
1 error generated.
configure:19764: $? = 1
configure: failed program was:
| /* confdefs.h */
| #define PACKAGE_NAME "libsigrok"
| #define PACKAGE_TARNAME "libsigrok"
| #define PACKAGE_VERSION "0.6.0"
| #define PACKAGE_STRING "libsigrok 0.6.0"
| #define PACKAGE_BUGREPORT "sigrok-devel@lists.sourceforge.net"
| #define PACKAGE_URL "http://www.sigrok.org"
| #define HAVE_STDIO_H 1
| #define HAVE_STDLIB_H 1
| #define HAVE_STRING_H 1
| #define HAVE_INTTYPES_H 1
| #define HAVE_STDINT_H 1
| #define HAVE_STRINGS_H 1
| #define HAVE_SYS_STAT_H 1
| #define HAVE_SYS_TYPES_H 1
| #define HAVE_UNISTD_H 1
| #define STDC_HEADERS 1
| #define HAVE_DLFCN_H 1
| #define LT_OBJDIR ".libs/"
| #define SR_PACKAGE_VERSION_MAJOR 0
| #define SR_PACKAGE_VERSION_MINOR 6
| #define SR_PACKAGE_VERSION_MICRO 0
| #define SR_PACKAGE_VERSION_STRING "0.6.0-git-f7305a73"
| #define SR_LIB_VERSION_CURRENT 4
| #define SR_LIB_VERSION_REVISION 0
| #define SR_LIB_VERSION_AGE 0
| #define SR_LIB_VERSION_STRING "4:0:0"
| #define HAVE_LIBSERIALPORT 1
| #define CONF_LIBSERIALPORT_VERSION "0.1.1"
| #define HAVE_LIBFTDI 1
| #define CONF_LIBFTDI_VERSION "1.5"
| #define HAVE_LIBUSB_1_0 1
| #define CONF_LIBUSB_1_0_VERSION "1.0.24"
| #define HAVE_LIBGIO 1
| #define CONF_LIBGIO_VERSION "2.68.1"
| #define HAVE_SERIAL_COMM 1
| /* end confdefs.h.  */
| #include <sys/types.h>
| 		#include <sys/param.h>
| 
| int
| main (void)
| {
| #if BYTE_ORDER != BIG_ENDIAN
| 		 not big endian
| 		#endif
| 
|   ;
|   return 0;
| }
configure:19898: result: no
configure:19919: checking for sys/mman.h
configure:19919: gcc -c -g -O2  conftest.c >&5
configure:19919: $? = 0
configure:19919: result: yes
configure:19929: checking for sys/ioctl.h
configure:19929: gcc -c -g -O2  conftest.c >&5
configure:19929: $? = 0
configure:19929: result: yes
configure:19939: checking for sys/timerfd.h
configure:19939: gcc -c -g -O2  conftest.c >&5
conftest.c:68:10: fatal error: 'sys/timerfd.h' file not found
#include <sys/timerfd.h>
         ^~~~~~~~~~~~~~~
1 error generated.
configure:19939: $? = 1
configure: failed program was:
| /* confdefs.h */
| #define PACKAGE_NAME "libsigrok"
| #define PACKAGE_TARNAME "libsigrok"
| #define PACKAGE_VERSION "0.6.0"
| #define PACKAGE_STRING "libsigrok 0.6.0"
| #define PACKAGE_BUGREPORT "sigrok-devel@lists.sourceforge.net"
| #define PACKAGE_URL "http://www.sigrok.org"
| #define HAVE_STDIO_H 1
| #define HAVE_STDLIB_H 1
| #define HAVE_STRING_H 1
| #define HAVE_INTTYPES_H 1
| #define HAVE_STDINT_H 1
| #define HAVE_STRINGS_H 1
| #define HAVE_SYS_STAT_H 1
| #define HAVE_SYS_TYPES_H 1
| #define HAVE_UNISTD_H 1
| #define STDC_HEADERS 1
| #define HAVE_DLFCN_H 1
| #define LT_OBJDIR ".libs/"
| #define SR_PACKAGE_VERSION_MAJOR 0
| #define SR_PACKAGE_VERSION_MINOR 6
| #define SR_PACKAGE_VERSION_MICRO 0
| #define SR_PACKAGE_VERSION_STRING "0.6.0-git-f7305a73"
| #define SR_LIB_VERSION_CURRENT 4
| #define SR_LIB_VERSION_REVISION 0
| #define SR_LIB_VERSION_AGE 0
| #define SR_LIB_VERSION_STRING "4:0:0"
| #define HAVE_LIBSERIALPORT 1
| #define CONF_LIBSERIALPORT_VERSION "0.1.1"
| #define HAVE_LIBFTDI 1
| #define CONF_LIBFTDI_VERSION "1.5"
| #define HAVE_LIBUSB_1_0 1
| #define CONF_LIBUSB_1_0_VERSION "1.0.24"
| #define HAVE_LIBGIO 1
| #define CONF_LIBGIO_VERSION "2.68.1"
| #define HAVE_SERIAL_COMM 1
| #define HAVE_SYS_MMAN_H 1
| #define HAVE_SYS_IOCTL_H 1
| /* end confdefs.h.  */
| #include <stddef.h>
| #ifdef HAVE_STDIO_H
| # include <stdio.h>
| #endif
| #ifdef HAVE_STDLIB_H
| # include <stdlib.h>
| #endif
| #ifdef HAVE_STRING_H
| # include <string.h>
| #endif
| #ifdef HAVE_INTTYPES_H
| # include <inttypes.h>
| #endif
| #ifdef HAVE_STDINT_H
| # include <stdint.h>
| #endif
| #ifdef HAVE_STRINGS_H
| # include <strings.h>
| #endif
| #ifdef HAVE_SYS_TYPES_H
| # include <sys/types.h>
| #endif
| #ifdef HAVE_SYS_STAT_H
| # include <sys/stat.h>
| #endif
| #ifdef HAVE_UNISTD_H
| # include <unistd.h>
| #endif
| #include <sys/timerfd.h>
configure:19939: result: no
configure:19958: checking for library containing pow
configure:19988: gcc -o conftest -g -O2   conftest.c  >&5
conftest.c:44:6: warning: incompatible redeclaration of library function 'pow' [-Wincompatible-library-redeclaration]
char pow ();
     ^
conftest.c:44:6: note: 'pow' is a builtin with type 'double (double, double)'
1 warning generated.
configure:19988: $? = 0
configure:20008: result: none required
configure:20027: checking for SunRPC support
configure:20045: gcc -o conftest -g -O2   conftest.c  >&5
configure:20045: $? = 0
configure:20054: result: yes
configure:20058: checking for libtirpc
configure:20065: $PKG_CONFIG --exists --print-errors "libtirpc"
Package libtirpc was not found in the pkg-config search path.
Perhaps you should add the directory containing `libtirpc.pc'
to the PKG_CONFIG_PATH environment variable
No package 'libtirpc' found
configure:20068: $? = 1
configure:20082: $PKG_CONFIG --exists --print-errors "libtirpc"
Package libtirpc was not found in the pkg-config search path.
Perhaps you should add the directory containing `libtirpc.pc'
to the PKG_CONFIG_PATH environment variable
No package 'libtirpc' found
configure:20085: $? = 1
configure:20099: result: no
No package 'libtirpc' found
configure:20155: checking for __int128_t
configure:20155: gcc -c -g -O2  conftest.c >&5
configure:20155: $? = 0
configure:20155: gcc -c -g -O2  conftest.c >&5
conftest.c:72:25: error: expected expression
if (sizeof ((__int128_t)))
                        ^
1 error generated.
configure:20155: $? = 1
configure: failed program was:
| /* confdefs.h */
| #define PACKAGE_NAME "libsigrok"
| #define PACKAGE_TARNAME "libsigrok"
| #define PACKAGE_VERSION "0.6.0"
| #define PACKAGE_STRING "libsigrok 0.6.0"
| #define PACKAGE_BUGREPORT "sigrok-devel@lists.sourceforge.net"
| #define PACKAGE_URL "http://www.sigrok.org"
| #define HAVE_STDIO_H 1
| #define HAVE_STDLIB_H 1
| #define HAVE_STRING_H 1
| #define HAVE_INTTYPES_H 1
| #define HAVE_STDINT_H 1
| #define HAVE_STRINGS_H 1
| #define HAVE_SYS_STAT_H 1
| #define HAVE_SYS_TYPES_H 1
| #define HAVE_UNISTD_H 1
| #define STDC_HEADERS 1
| #define HAVE_DLFCN_H 1
| #define LT_OBJDIR ".libs/"
| #define SR_PACKAGE_VERSION_MAJOR 0
| #define SR_PACKAGE_VERSION_MINOR 6
| #define SR_PACKAGE_VERSION_MICRO 0
| #define SR_PACKAGE_VERSION_STRING "0.6.0-git-f7305a73"
| #define SR_LIB_VERSION_CURRENT 4
| #define SR_LIB_VERSION_REVISION 0
| #define SR_LIB_VERSION_AGE 0
| #define SR_LIB_VERSION_STRING "4:0:0"
| #define HAVE_LIBSERIALPORT 1
| #define CONF_LIBSERIALPORT_VERSION "0.1.1"
| #define HAVE_LIBFTDI 1
| #define CONF_LIBFTDI_VERSION "1.5"
| #define HAVE_LIBUSB_1_0 1
| #define CONF_LIBUSB_1_0_VERSION "1.0.24"
| #define HAVE_LIBGIO 1
| #define CONF_LIBGIO_VERSION "2.68.1"
| #define HAVE_SERIAL_COMM 1
| #define HAVE_SYS_MMAN_H 1
| #define HAVE_SYS_IOCTL_H 1
| #define HAVE_RPC 1
| /* end confdefs.h.  */
| #include <stddef.h>
| #ifdef HAVE_STDIO_H
| # include <stdio.h>
| #endif
| #ifdef HAVE_STDLIB_H
| # include <stdlib.h>
| #endif
| #ifdef HAVE_STRING_H
| # include <string.h>
| #endif
| #ifdef HAVE_INTTYPES_H
| # include <inttypes.h>
| #endif
| #ifdef HAVE_STDINT_H
| # include <stdint.h>
| #endif
| #ifdef HAVE_STRINGS_H
| # include <strings.h>
| #endif
| #ifdef HAVE_SYS_TYPES_H
| # include <sys/types.h>
| #endif
| #ifdef HAVE_SYS_STAT_H
| # include <sys/stat.h>
| #endif
| #ifdef HAVE_UNISTD_H
| # include <unistd.h>
| #endif
| int
| main (void)
| {
| if (sizeof ((__int128_t)))
| 	    return 0;
|   ;
|   return 0;
| }
configure:20155: result: yes
configure:20163: checking for __uint128_t
configure:20163: gcc -c -g -O2  conftest.c >&5
configure:20163: $? = 0
configure:20163: gcc -c -g -O2  conftest.c >&5
conftest.c:73:26: error: expected expression
if (sizeof ((__uint128_t)))
                         ^
1 error generated.
configure:20163: $? = 1
configure: failed program was:
| /* confdefs.h */
| #define PACKAGE_NAME "libsigrok"
| #define PACKAGE_TARNAME "libsigrok"
| #define PACKAGE_VERSION "0.6.0"
| #define PACKAGE_STRING "libsigrok 0.6.0"
| #define PACKAGE_BUGREPORT "sigrok-devel@lists.sourceforge.net"
| #define PACKAGE_URL "http://www.sigrok.org"
| #define HAVE_STDIO_H 1
| #define HAVE_STDLIB_H 1
| #define HAVE_STRING_H 1
| #define HAVE_INTTYPES_H 1
| #define HAVE_STDINT_H 1
| #define HAVE_STRINGS_H 1
| #define HAVE_SYS_STAT_H 1
| #define HAVE_SYS_TYPES_H 1
| #define HAVE_UNISTD_H 1
| #define STDC_HEADERS 1
| #define HAVE_DLFCN_H 1
| #define LT_OBJDIR ".libs/"
| #define SR_PACKAGE_VERSION_MAJOR 0
| #define SR_PACKAGE_VERSION_MINOR 6
| #define SR_PACKAGE_VERSION_MICRO 0
| #define SR_PACKAGE_VERSION_STRING "0.6.0-git-f7305a73"
| #define SR_LIB_VERSION_CURRENT 4
| #define SR_LIB_VERSION_REVISION 0
| #define SR_LIB_VERSION_AGE 0
| #define SR_LIB_VERSION_STRING "4:0:0"
| #define HAVE_LIBSERIALPORT 1
| #define CONF_LIBSERIALPORT_VERSION "0.1.1"
| #define HAVE_LIBFTDI 1
| #define CONF_LIBFTDI_VERSION "1.5"
| #define HAVE_LIBUSB_1_0 1
| #define CONF_LIBUSB_1_0_VERSION "1.0.24"
| #define HAVE_LIBGIO 1
| #define CONF_LIBGIO_VERSION "2.68.1"
| #define HAVE_SERIAL_COMM 1
| #define HAVE_SYS_MMAN_H 1
| #define HAVE_SYS_IOCTL_H 1
| #define HAVE_RPC 1
| #define HAVE___INT128_T 1
| /* end confdefs.h.  */
| #include <stddef.h>
| #ifdef HAVE_STDIO_H
| # include <stdio.h>
| #endif
| #ifdef HAVE_STDLIB_H
| # include <stdlib.h>
| #endif
| #ifdef HAVE_STRING_H
| # include <string.h>
| #endif
| #ifdef HAVE_INTTYPES_H
| # include <inttypes.h>
| #endif
| #ifdef HAVE_STDINT_H
| # include <stdint.h>
| #endif
| #ifdef HAVE_STRINGS_H
| # include <strings.h>
| #endif
| #ifdef HAVE_SYS_TYPES_H
| # include <sys/types.h>
| #endif
| #ifdef HAVE_SYS_STAT_H
| # include <sys/stat.h>
| #endif
| #ifdef HAVE_UNISTD_H
| # include <unistd.h>
| #endif
| int
| main (void)
| {
| if (sizeof ((__uint128_t)))
| 	    return 0;
|   ;
|   return 0;
| }
configure:20163: result: yes
configure:22972: checking which C++ compiler warning flags to use
configure:22994: result: -Wall -Wextra
configure:23056: checking whether g++ supports C++11 features by default
configure:23351: g++ -c -g -O2  conftest.cpp >&5
conftest.cpp:194:2: error: "This is not a C++11 compiler"
#error "This is not a C++11 compiler"
 ^
1 error generated.
configure:23351: $? = 1
configure: failed program was:
| /* confdefs.h */
| #define PACKAGE_NAME "libsigrok"
| #define PACKAGE_TARNAME "libsigrok"
| #define PACKAGE_VERSION "0.6.0"
| #define PACKAGE_STRING "libsigrok 0.6.0"
| #define PACKAGE_BUGREPORT "sigrok-devel@lists.sourceforge.net"
| #define PACKAGE_URL "http://www.sigrok.org"
| #define HAVE_STDIO_H 1
| #define HAVE_STDLIB_H 1
| #define HAVE_STRING_H 1
| #define HAVE_INTTYPES_H 1
| #define HAVE_STDINT_H 1
| #define HAVE_STRINGS_H 1
| #define HAVE_SYS_STAT_H 1
| #define HAVE_SYS_TYPES_H 1
| #define HAVE_UNISTD_H 1
| #define STDC_HEADERS 1
| #define HAVE_DLFCN_H 1
| #define LT_OBJDIR ".libs/"
| #define SR_PACKAGE_VERSION_MAJOR 0
| #define SR_PACKAGE_VERSION_MINOR 6
| #define SR_PACKAGE_VERSION_MICRO 0
| #define SR_PACKAGE_VERSION_STRING "0.6.0-git-f7305a73"
| #define SR_LIB_VERSION_CURRENT 4
| #define SR_LIB_VERSION_REVISION 0
| #define SR_LIB_VERSION_AGE 0
| #define SR_LIB_VERSION_STRING "4:0:0"
| #define HAVE_LIBSERIALPORT 1
| #define CONF_LIBSERIALPORT_VERSION "0.1.1"
| #define HAVE_LIBFTDI 1
| #define CONF_LIBFTDI_VERSION "1.5"
| #define HAVE_LIBUSB_1_0 1
| #define CONF_LIBUSB_1_0_VERSION "1.0.24"
| #define HAVE_LIBGIO 1
| #define CONF_LIBGIO_VERSION "2.68.1"
| #define HAVE_SERIAL_COMM 1
| #define HAVE_SYS_MMAN_H 1
| #define HAVE_SYS_IOCTL_H 1
| #define HAVE_RPC 1
| #define HAVE___INT128_T 1
| #define HAVE___UINT128_T 1
| #define HAVE_HW_AGILENT_DMM 1
| #define HAVE_DRIVERS 1
| #define HAVE_HW_APPA_55II 1
| #define HAVE_DRIVERS 1
| #define HAVE_HW_ARACHNID_LABS_RE_LOAD_PRO 1
| #define HAVE_DRIVERS 1
| #define HAVE_HW_ASIX_SIGMA 1
| #define HAVE_DRIVERS 1
| #define HAVE_HW_ATTEN_PPS3XXX 1
| #define HAVE_DRIVERS 1
| #define HAVE_HW_BEAGLELOGIC 1
| #define HAVE_DRIVERS 1
| #define HAVE_HW_CEM_DT_885X 1
| #define HAVE_DRIVERS 1
| #define HAVE_HW_CENTER_3XX 1
| #define HAVE_DRIVERS 1
| #define HAVE_HW_CHRONOVU_LA 1
| #define HAVE_DRIVERS 1
| #define HAVE_HW_COLEAD_SLM 1
| #define HAVE_DRIVERS 1
| #define HAVE_HW_CONRAD_DIGI_35_CPU 1
| #define HAVE_DRIVERS 1
| #define HAVE_HW_DEMO 1
| #define HAVE_DRIVERS 1
| #define HAVE_HW_DREAMSOURCELAB_DSLOGIC 1
| #define HAVE_DRIVERS 1
| #define HAVE_HW_FLUKE_45 1
| #define HAVE_DRIVERS 1
| #define HAVE_HW_FLUKE_DMM 1
| #define HAVE_DRIVERS 1
| #define HAVE_HW_FTDI_LA 1
| #define HAVE_DRIVERS 1
| #define HAVE_HW_FX2LAFW 1
| #define HAVE_DRIVERS 1
| #define HAVE_HW_GMC_MH_1X_2X 1
| #define HAVE_DRIVERS 1
| #define HAVE_HW_GWINSTEK_GDS_800 1
| #define HAVE_DRIVERS 1
| #define HAVE_HW_GWINSTEK_GPD 1
| #define HAVE_DRIVERS 1
| #define HAVE_HW_HAMEG_HMO 1
| #define HAVE_DRIVERS 1
| #define HAVE_HW_HANTEK_4032L 1
| #define HAVE_DRIVERS 1
| #define HAVE_HW_HANTEK_6XXX 1
| #define HAVE_DRIVERS 1
| #define HAVE_HW_HANTEK_DSO 1
| #define HAVE_DRIVERS 1
| #define HAVE_HW_HP_3457A 1
| #define HAVE_DRIVERS 1
| #define HAVE_HW_IKALOGIC_SCANALOGIC2 1
| #define HAVE_DRIVERS 1
| #define HAVE_HW_IKALOGIC_SCANAPLUS 1
| #define HAVE_DRIVERS 1
| #define HAVE_HW_IPDBG_LA 1
| #define HAVE_DRIVERS 1
| #define HAVE_HW_ITECH_IT8500 1
| #define HAVE_DRIVERS 1
| #define HAVE_HW_KECHENG_KC_330B 1
| #define HAVE_DRIVERS 1
| #define HAVE_HW_KERN_SCALE 1
| #define HAVE_DRIVERS 1
| #define HAVE_HW_KINGST_LA2016 1
| #define HAVE_DRIVERS 1
| #define HAVE_HW_KORAD_KAXXXXP 1
| #define HAVE_DRIVERS 1
| #define HAVE_HW_LASCAR_EL_USB 1
| #define HAVE_DRIVERS 1
| #define HAVE_HW_LECROY_LOGICSTUDIO 1
| #define HAVE_DRIVERS 1
| #define HAVE_HW_LECROY_XSTREAM 1
| #define HAVE_DRIVERS 1
| #define HAVE_HW_MANSON_HCS_3XXX 1
| #define HAVE_DRIVERS 1
| #define HAVE_HW_MASTECH_MS6514 1
| #define HAVE_DRIVERS 1
| #define HAVE_HW_MAYNUO_M97 1
| #define HAVE_DRIVERS 1
| #define HAVE_HW_MIC_985XX 1
| #define HAVE_DRIVERS 1
| #define HAVE_HW_MICROCHIP_PICKIT2 1
| #define HAVE_DRIVERS 1
| #define HAVE_HW_MOTECH_LPS_30X 1
| #define HAVE_DRIVERS 1
| #define HAVE_HW_NORMA_DMM 1
| #define HAVE_DRIVERS 1
| #define HAVE_HW_OPENBENCH_LOGIC_SNIFFER 1
| #define HAVE_DRIVERS 1
| #define HAVE_HW_PCE_322A 1
| #define HAVE_DRIVERS 1
| #define HAVE_HW_PIPISTRELLO_OLS 1
| #define HAVE_DRIVERS 1
| #define HAVE_HW_RDTECH_DPS 1
| #define HAVE_DRIVERS 1
| #define HAVE_HW_RDTECH_UM 1
| #define HAVE_DRIVERS 1
| #define HAVE_HW_RIGOL_DS 1
| #define HAVE_DRIVERS 1
| #define HAVE_HW_RIGOL_DG 1
| #define HAVE_DRIVERS 1
| #define HAVE_HW_ROHDE_SCHWARZ_SME_0X 1
| #define HAVE_DRIVERS 1
| #define HAVE_HW_SALEAE_LOGIC16 1
| #define HAVE_DRIVERS 1
| #define HAVE_HW_SALEAE_LOGIC_PRO 1
| #define HAVE_DRIVERS 1
| #define HAVE_HW_SCPI_DMM 1
| #define HAVE_DRIVERS 1
| #define HAVE_HW_SCPI_PPS 1
| #define HAVE_DRIVERS 1
| #define HAVE_HW_SERIAL_DMM 1
| #define HAVE_DRIVERS 1
| #define HAVE_HW_SERIAL_LCR 1
| #define HAVE_DRIVERS 1
| #define HAVE_HW_SIGLENT_SDS 1
| #define HAVE_DRIVERS 1
| #define HAVE_HW_SYSCLK_LWLA 1
| #define HAVE_DRIVERS 1
| #define HAVE_HW_SYSCLK_SLA5032 1
| #define HAVE_DRIVERS 1
| #define HAVE_HW_TELEINFO 1
| #define HAVE_DRIVERS 1
| #define HAVE_HW_TESTO 1
| #define HAVE_DRIVERS 1
| #define HAVE_HW_TINY_LOGIC_FRIEND_LA 1
| #define HAVE_DRIVERS 1
| #define HAVE_HW_TONDAJ_SL_814 1
| #define HAVE_DRIVERS 1
| #define HAVE_HW_UNI_T_DMM 1
| #define HAVE_DRIVERS 1
| #define HAVE_HW_UNI_T_UT181A 1
| #define HAVE_DRIVERS 1
| #define HAVE_HW_UNI_T_UT32X 1
| #define HAVE_DRIVERS 1
| #define HAVE_HW_YOKOGAWA_DLM 1
| #define HAVE_DRIVERS 1
| #define HAVE_HW_ZEROPLUS_LOGIC_CUBE 1
| #define HAVE_DRIVERS 1
| #define HAVE_HW_ZKETECH_EBD_USB 1
| #define HAVE_DRIVERS 1
| /* end confdefs.h.  */
| 
| 
| // If the compiler admits that it is not ready for C++11, why torture it?
| // Hopefully, this will speed up the test.
| 
| #ifndef __cplusplus
| 
| #error "This is not a C++ compiler"
| 
| #elif __cplusplus < 201103L
| 
| #error "This is not a C++11 compiler"
| 
| #else
| 
| namespace cxx11
| {
| 
|   namespace test_static_assert
|   {
| 
|     template <typename T>
|     struct check
|     {
|       static_assert(sizeof(int) <= sizeof(T), "not big enough");
|     };
| 
|   }
| 
|   namespace test_final_override
|   {
| 
|     struct Base
|     {
|       virtual void f() {}
|     };
| 
|     struct Derived : public Base
|     {
|       virtual void f() override {}
|     };
| 
|   }
| 
|   namespace test_double_right_angle_brackets
|   {
| 
|     template < typename T >
|     struct check {};
| 
|     typedef check<void> single_type;
|     typedef check<check<void>> double_type;
|     typedef check<check<check<void>>> triple_type;
|     typedef check<check<check<check<void>>>> quadruple_type;
| 
|   }
| 
|   namespace test_decltype
|   {
| 
|     int
|     f()
|     {
|       int a = 1;
|       decltype(a) b = 2;
|       return a + b;
|     }
| 
|   }
| 
|   namespace test_type_deduction
|   {
| 
|     template < typename T1, typename T2 >
|     struct is_same
|     {
|       static const bool value = false;
|     };
| 
|     template < typename T >
|     struct is_same<T, T>
|     {
|       static const bool value = true;
|     };
| 
|     template < typename T1, typename T2 >
|     auto
|     add(T1 a1, T2 a2) -> decltype(a1 + a2)
|     {
|       return a1 + a2;
|     }
| 
|     int
|     test(const int c, volatile int v)
|     {
|       static_assert(is_same<int, decltype(0)>::value == true, "");
|       static_assert(is_same<int, decltype(c)>::value == false, "");
|       static_assert(is_same<int, decltype(v)>::value == false, "");
|       auto ac = c;
|       auto av = v;
|       auto sumi = ac + av + 'x';
|       auto sumf = ac + av + 1.0;
|       static_assert(is_same<int, decltype(ac)>::value == true, "");
|       static_assert(is_same<int, decltype(av)>::value == true, "");
|       static_assert(is_same<int, decltype(sumi)>::value == true, "");
|       static_assert(is_same<int, decltype(sumf)>::value == false, "");
|       static_assert(is_same<int, decltype(add(c, v))>::value == true, "");
|       return (sumf > 0.0) ? sumi : add(c, v);
|     }
| 
|   }
| 
|   namespace test_noexcept
|   {
| 
|     int f() { return 0; }
|     int g() noexcept { return 0; }
| 
|     static_assert(noexcept(f()) == false, "");
|     static_assert(noexcept(g()) == true, "");
| 
|   }
| 
|   namespace test_constexpr
|   {
| 
|     template < typename CharT >
|     unsigned long constexpr
|     strlen_c_r(const CharT *const s, const unsigned long acc) noexcept
|     {
|       return *s ? strlen_c_r(s + 1, acc + 1) : acc;
|     }
| 
|     template < typename CharT >
|     unsigned long constexpr
|     strlen_c(const CharT *const s) noexcept
|     {
|       return strlen_c_r(s, 0UL);
|     }
| 
|     static_assert(strlen_c("") == 0UL, "");
|     static_assert(strlen_c("1") == 1UL, "");
|     static_assert(strlen_c("example") == 7UL, "");
|     static_assert(strlen_c("another\0example") == 7UL, "");
| 
|   }
| 
|   namespace test_rvalue_references
|   {
| 
|     template < int N >
|     struct answer
|     {
|       static constexpr int value = N;
|     };
| 
|     answer<1> f(int&)       { return answer<1>(); }
|     answer<2> f(const int&) { return answer<2>(); }
|     answer<3> f(int&&)      { return answer<3>(); }
| 
|     void
|     test()
|     {
|       int i = 0;
|       const int c = 0;
|       static_assert(decltype(f(i))::value == 1, "");
|       static_assert(decltype(f(c))::value == 2, "");
|       static_assert(decltype(f(0))::value == 3, "");
|     }
| 
|   }
| 
|   namespace test_uniform_initialization
|   {
| 
|     struct test
|     {
|       static const int zero {};
|       static const int one {1};
|     };
| 
|     static_assert(test::zero == 0, "");
|     static_assert(test::one == 1, "");
| 
|   }
| 
|   namespace test_lambdas
|   {
| 
|     void
|     test1()
|     {
|       auto lambda1 = [](){};
|       auto lambda2 = lambda1;
|       lambda1();
|       lambda2();
|     }
| 
|     int
|     test2()
|     {
|       auto a = [](int i, int j){ return i + j; }(1, 2);
|       auto b = []() -> int { return '0'; }();
|       auto c = [=](){ return a + b; }();
|       auto d = [&](){ return c; }();
|       auto e = [a, &b](int x) mutable {
|         const auto identity = [](int y){ return y; };
|         for (auto i = 0; i < a; ++i)
|           a += b--;
|         return x + identity(a + b);
|       }(0);
|       return a + b + c + d + e;
|     }
| 
|     int
|     test3()
|     {
|       const auto nullary = [](){ return 0; };
|       const auto unary = [](int x){ return x; };
|       using nullary_t = decltype(nullary);
|       using unary_t = decltype(unary);
|       const auto higher1st = [](nullary_t f){ return f(); };
|       const auto higher2nd = [unary](nullary_t f1){
|         return [unary, f1](unary_t f2){ return f2(unary(f1())); };
|       };
|       return higher1st(nullary) + higher2nd(nullary)(unary);
|     }
| 
|   }
| 
|   namespace test_variadic_templates
|   {
| 
|     template <int...>
|     struct sum;
| 
|     template <int N0, int... N1toN>
|     struct sum<N0, N1toN...>
|     {
|       static constexpr auto value = N0 + sum<N1toN...>::value;
|     };
| 
|     template <>
|     struct sum<>
|     {
|       static constexpr auto value = 0;
|     };
| 
|     static_assert(sum<>::value == 0, "");
|     static_assert(sum<1>::value == 1, "");
|     static_assert(sum<23>::value == 23, "");
|     static_assert(sum<1, 2>::value == 3, "");
|     static_assert(sum<5, 5, 11>::value == 21, "");
|     static_assert(sum<2, 3, 5, 7, 11, 13>::value == 41, "");
| 
|   }
| 
|   // http://stackoverflow.com/questions/13728184/template-aliases-and-sfinae
|   // Clang 3.1 fails with headers of libstd++ 4.8.3 when using std::function
|   // because of this.
|   namespace test_template_alias_sfinae
|   {
| 
|     struct foo {};
| 
|     template<typename T>
|     using member = typename T::member_type;
| 
|     template<typename T>
|     void func(...) {}
| 
|     template<typename T>
|     void func(member<T>*) {}
| 
|     void test();
| 
|     void test() { func<foo>(0); }
| 
|   }
| 
| }  // namespace cxx11
| 
| #endif  // __cplusplus >= 201103L
| 
| 
| 
configure:23359: result: no
configure:23370: checking whether g++ supports C++11 features with -std=c++11
configure:23667: g++ -std=c++11 -c -g -O2  conftest.cpp >&5
configure:23667: $? = 0
configure:23677: result: yes
configure:23719: $PKG_CONFIG --exists --print-errors "glibmm-2.4 >= 2.32.0"
configure:23722: $? = 0
configure:23741: checking for doxygen
configure:23762: found /usr/local/bin/doxygen
configure:23774: result: yes
configure:23789: checking for library containing __cxa_throw
configure:23818: g++ -std=c++11 -o conftest -g -O2   conftest.cpp  >&5
configure:23818: $? = 0
configure:23838: result: none required
configure:23893: checking for a Python interpreter with version >= 2.7
configure:23911: python -c import sys # split strings by '.' and convert to numeric. Append some zeros # because we need at least 4 digits for the hex conversion. # map returns an iterator in Python 3.0 and a list in 2.x minver = list(map(int, '2.7'.split('.'))) + [0, 0, 0] minverhex = 0 # xrange is not present in Python 3.0 and range returns an iterator for i in list(range(0, 4)): minverhex = (minverhex << 8) + minver[i] sys.exit(sys.hexversion < minverhex)
configure:23914: $? = 0
configure:23921: result: python
configure:23929: checking for python
configure:23952: found /Users/margaret/.pyenv/shims/python
configure:23964: result: /Users/margaret/.pyenv/shims/python
configure:23983: checking for python version
configure:23991: result: 2.7
configure:24003: checking for python platform
configure:24011: result: darwin
configure:24037: checking for python script directory
configure:24073: result: ${prefix}/lib/python2.7/site-packages
configure:24082: checking for python extension module directory
configure:24118: result: ${exec_prefix}/lib/python2.7/site-packages
configure:24150: checking for stoi and stod
configure:24167: g++ -std=c++11 -c -g -O2  conftest.cpp >&5
configure:24167: $? = 0
configure:24175: result: yes
configure:24204: $PKG_CONFIG --exists --print-errors "python = $PYTHON_VERSION"
Package python was not found in the pkg-config search path.
Perhaps you should add the directory containing `python.pc'
to the PKG_CONFIG_PATH environment variable
No package 'python' found
configure:24207: $? = 1
configure:24216: $PKG_CONFIG --exists --print-errors "python$sr_pymajor = $PYTHON_VERSION"
Package python2 was not found in the pkg-config search path.
Perhaps you should add the directory containing `python2.pc'
to the PKG_CONFIG_PATH environment variable
No package 'python2' found
configure:24219: $? = 1
configure:24228: $PKG_CONFIG --exists --print-errors "python$sr_pymajor$sr_pyminor = $PYTHON_VERSION"
Package python27 was not found in the pkg-config search path.
Perhaps you should add the directory containing `python27.pc'
to the PKG_CONFIG_PATH environment variable
No package 'python27' found
configure:24231: $? = 1
configure:24240: $PKG_CONFIG --exists --print-errors "python-$PYTHON_VERSION = $PYTHON_VERSION"
Package python-2.7 was not found in the pkg-config search path.
Perhaps you should add the directory containing `python-2.7.pc'
to the PKG_CONFIG_PATH environment variable
No package 'python-2.7' found
configure:24243: $? = 1
configure:24268: $PKG_CONFIG --exists --print-errors "pygobject-3.0 >= 3.0.0"
configure:24271: $? = 0
configure:24288: $PKG_CONFIG --exists --print-errors "pygobject-3.0 < 3.7.91"
Requested 'pygobject-3.0 < 3.7.91' but version of PyGObject is 3.40.1
configure:24291: $? = 1
configure:24313: checking python module: setuptools
configure:24318: result: yes
configure:24344: checking python module: numpy
configure:24353: result: no
configure:24379: checking for swig
configure:24400: found /usr/local/bin/swig
configure:24411: result: swig
configure:24424: checking for swig version
configure:24427: result: 4.0.2
configure:24465: checking for ruby
configure:24488: found /usr/bin/ruby
configure:24500: result: /usr/bin/ruby
configure:24513: checking for Ruby version
configure:24516: result: 2.6.3
configure:24534: $PKG_CONFIG --exists --print-errors "ruby >= 2.5.0"
Package ruby was not found in the pkg-config search path.
Perhaps you should add the directory containing `ruby.pc'
to the PKG_CONFIG_PATH environment variable
No package 'ruby' found
configure:24537: $? = 1
configure:24546: $PKG_CONFIG --exists --print-errors "ruby-$sr_rbmajor.$sr_rbminor >= 2.5.0"
Package ruby-2.6 was not found in the pkg-config search path.
Perhaps you should add the directory containing `ruby-2.6.pc'
to the PKG_CONFIG_PATH environment variable
No package 'ruby-2.6' found
configure:24549: $? = 1
configure:24623: checking for javac
configure:24644: found /usr/bin/javac
configure:24656: result: yes
configure:24690: checking for gcj
configure:24725: result: no
configure:24690: checking for guavac
configure:24725: result: no
configure:24690: checking for jikes
configure:24725: result: no
configure:24690: checking for javac
configure:24711: found /usr/bin/javac
configure:24722: result: javac
configure:24784: checking if javac works
configure:24799: javac  Test.java
configure:24802: $? = 0
configure:24813: result: yes
configure:24835: g++ -std=c++11 -c -g -O2  conftest.cpp >&5
conftest.cpp:185:10: fatal error: 'jni.h' file not found
#include <jni.h>
         ^~~~~~~
1 error generated.
configure:24835: $? = 1
configure: failed program was:
| /* confdefs.h */
| #define PACKAGE_NAME "libsigrok"
| #define PACKAGE_TARNAME "libsigrok"
| #define PACKAGE_VERSION "0.6.0"
| #define PACKAGE_STRING "libsigrok 0.6.0"
| #define PACKAGE_BUGREPORT "sigrok-devel@lists.sourceforge.net"
| #define PACKAGE_URL "http://www.sigrok.org"
| #define HAVE_STDIO_H 1
| #define HAVE_STDLIB_H 1
| #define HAVE_STRING_H 1
| #define HAVE_INTTYPES_H 1
| #define HAVE_STDINT_H 1
| #define HAVE_STRINGS_H 1
| #define HAVE_SYS_STAT_H 1
| #define HAVE_SYS_TYPES_H 1
| #define HAVE_UNISTD_H 1
| #define STDC_HEADERS 1
| #define HAVE_DLFCN_H 1
| #define LT_OBJDIR ".libs/"
| #define SR_PACKAGE_VERSION_MAJOR 0
| #define SR_PACKAGE_VERSION_MINOR 6
| #define SR_PACKAGE_VERSION_MICRO 0
| #define SR_PACKAGE_VERSION_STRING "0.6.0-git-f7305a73"
| #define SR_LIB_VERSION_CURRENT 4
| #define SR_LIB_VERSION_REVISION 0
| #define SR_LIB_VERSION_AGE 0
| #define SR_LIB_VERSION_STRING "4:0:0"
| #define HAVE_LIBSERIALPORT 1
| #define CONF_LIBSERIALPORT_VERSION "0.1.1"
| #define HAVE_LIBFTDI 1
| #define CONF_LIBFTDI_VERSION "1.5"
| #define HAVE_LIBUSB_1_0 1
| #define CONF_LIBUSB_1_0_VERSION "1.0.24"
| #define HAVE_LIBGIO 1
| #define CONF_LIBGIO_VERSION "2.68.1"
| #define HAVE_SERIAL_COMM 1
| #define HAVE_SYS_MMAN_H 1
| #define HAVE_SYS_IOCTL_H 1
| #define HAVE_RPC 1
| #define HAVE___INT128_T 1
| #define HAVE___UINT128_T 1
| #define HAVE_HW_AGILENT_DMM 1
| #define HAVE_DRIVERS 1
| #define HAVE_HW_APPA_55II 1
| #define HAVE_DRIVERS 1
| #define HAVE_HW_ARACHNID_LABS_RE_LOAD_PRO 1
| #define HAVE_DRIVERS 1
| #define HAVE_HW_ASIX_SIGMA 1
| #define HAVE_DRIVERS 1
| #define HAVE_HW_ATTEN_PPS3XXX 1
| #define HAVE_DRIVERS 1
| #define HAVE_HW_BEAGLELOGIC 1
| #define HAVE_DRIVERS 1
| #define HAVE_HW_CEM_DT_885X 1
| #define HAVE_DRIVERS 1
| #define HAVE_HW_CENTER_3XX 1
| #define HAVE_DRIVERS 1
| #define HAVE_HW_CHRONOVU_LA 1
| #define HAVE_DRIVERS 1
| #define HAVE_HW_COLEAD_SLM 1
| #define HAVE_DRIVERS 1
| #define HAVE_HW_CONRAD_DIGI_35_CPU 1
| #define HAVE_DRIVERS 1
| #define HAVE_HW_DEMO 1
| #define HAVE_DRIVERS 1
| #define HAVE_HW_DREAMSOURCELAB_DSLOGIC 1
| #define HAVE_DRIVERS 1
| #define HAVE_HW_FLUKE_45 1
| #define HAVE_DRIVERS 1
| #define HAVE_HW_FLUKE_DMM 1
| #define HAVE_DRIVERS 1
| #define HAVE_HW_FTDI_LA 1
| #define HAVE_DRIVERS 1
| #define HAVE_HW_FX2LAFW 1
| #define HAVE_DRIVERS 1
| #define HAVE_HW_GMC_MH_1X_2X 1
| #define HAVE_DRIVERS 1
| #define HAVE_HW_GWINSTEK_GDS_800 1
| #define HAVE_DRIVERS 1
| #define HAVE_HW_GWINSTEK_GPD 1
| #define HAVE_DRIVERS 1
| #define HAVE_HW_HAMEG_HMO 1
| #define HAVE_DRIVERS 1
| #define HAVE_HW_HANTEK_4032L 1
| #define HAVE_DRIVERS 1
| #define HAVE_HW_HANTEK_6XXX 1
| #define HAVE_DRIVERS 1
| #define HAVE_HW_HANTEK_DSO 1
| #define HAVE_DRIVERS 1
| #define HAVE_HW_HP_3457A 1
| #define HAVE_DRIVERS 1
| #define HAVE_HW_IKALOGIC_SCANALOGIC2 1
| #define HAVE_DRIVERS 1
| #define HAVE_HW_IKALOGIC_SCANAPLUS 1
| #define HAVE_DRIVERS 1
| #define HAVE_HW_IPDBG_LA 1
| #define HAVE_DRIVERS 1
| #define HAVE_HW_ITECH_IT8500 1
| #define HAVE_DRIVERS 1
| #define HAVE_HW_KECHENG_KC_330B 1
| #define HAVE_DRIVERS 1
| #define HAVE_HW_KERN_SCALE 1
| #define HAVE_DRIVERS 1
| #define HAVE_HW_KINGST_LA2016 1
| #define HAVE_DRIVERS 1
| #define HAVE_HW_KORAD_KAXXXXP 1
| #define HAVE_DRIVERS 1
| #define HAVE_HW_LASCAR_EL_USB 1
| #define HAVE_DRIVERS 1
| #define HAVE_HW_LECROY_LOGICSTUDIO 1
| #define HAVE_DRIVERS 1
| #define HAVE_HW_LECROY_XSTREAM 1
| #define HAVE_DRIVERS 1
| #define HAVE_HW_MANSON_HCS_3XXX 1
| #define HAVE_DRIVERS 1
| #define HAVE_HW_MASTECH_MS6514 1
| #define HAVE_DRIVERS 1
| #define HAVE_HW_MAYNUO_M97 1
| #define HAVE_DRIVERS 1
| #define HAVE_HW_MIC_985XX 1
| #define HAVE_DRIVERS 1
| #define HAVE_HW_MICROCHIP_PICKIT2 1
| #define HAVE_DRIVERS 1
| #define HAVE_HW_MOTECH_LPS_30X 1
| #define HAVE_DRIVERS 1
| #define HAVE_HW_NORMA_DMM 1
| #define HAVE_DRIVERS 1
| #define HAVE_HW_OPENBENCH_LOGIC_SNIFFER 1
| #define HAVE_DRIVERS 1
| #define HAVE_HW_PCE_322A 1
| #define HAVE_DRIVERS 1
| #define HAVE_HW_PIPISTRELLO_OLS 1
| #define HAVE_DRIVERS 1
| #define HAVE_HW_RDTECH_DPS 1
| #define HAVE_DRIVERS 1
| #define HAVE_HW_RDTECH_UM 1
| #define HAVE_DRIVERS 1
| #define HAVE_HW_RIGOL_DS 1
| #define HAVE_DRIVERS 1
| #define HAVE_HW_RIGOL_DG 1
| #define HAVE_DRIVERS 1
| #define HAVE_HW_ROHDE_SCHWARZ_SME_0X 1
| #define HAVE_DRIVERS 1
| #define HAVE_HW_SALEAE_LOGIC16 1
| #define HAVE_DRIVERS 1
| #define HAVE_HW_SALEAE_LOGIC_PRO 1
| #define HAVE_DRIVERS 1
| #define HAVE_HW_SCPI_DMM 1
| #define HAVE_DRIVERS 1
| #define HAVE_HW_SCPI_PPS 1
| #define HAVE_DRIVERS 1
| #define HAVE_HW_SERIAL_DMM 1
| #define HAVE_DRIVERS 1
| #define HAVE_HW_SERIAL_LCR 1
| #define HAVE_DRIVERS 1
| #define HAVE_HW_SIGLENT_SDS 1
| #define HAVE_DRIVERS 1
| #define HAVE_HW_SYSCLK_LWLA 1
| #define HAVE_DRIVERS 1
| #define HAVE_HW_SYSCLK_SLA5032 1
| #define HAVE_DRIVERS 1
| #define HAVE_HW_TELEINFO 1
| #define HAVE_DRIVERS 1
| #define HAVE_HW_TESTO 1
| #define HAVE_DRIVERS 1
| #define HAVE_HW_TINY_LOGIC_FRIEND_LA 1
| #define HAVE_DRIVERS 1
| #define HAVE_HW_TONDAJ_SL_814 1
| #define HAVE_DRIVERS 1
| #define HAVE_HW_UNI_T_DMM 1
| #define HAVE_DRIVERS 1
| #define HAVE_HW_UNI_T_UT181A 1
| #define HAVE_DRIVERS 1
| #define HAVE_HW_UNI_T_UT32X 1
| #define HAVE_DRIVERS 1
| #define HAVE_HW_YOKOGAWA_DLM 1
| #define HAVE_DRIVERS 1
| #define HAVE_HW_ZEROPLUS_LOGIC_CUBE 1
| #define HAVE_DRIVERS 1
| #define HAVE_HW_ZKETECH_EBD_USB 1
| #define HAVE_DRIVERS 1
| #define HAVE_CXX11 1
| #define HAVE_STOI_STOD 1
| /* end confdefs.h.  */
| #include <jni.h>
| int
| main (void)
| {
| 
|   ;
|   return 0;
| }
configure:24853: checking for javac
configure:24876: found /usr/bin/javac
configure:24889: result: /usr/bin/javac
configure:24933: _JTOPDIR=/System/Library/Frameworks/JavaVM.framework
configure:24934: _JINC=/System/Library/Frameworks/JavaVM.framework/Headers
configure:24939: checking jni headers
configure:24960: result: none
configure:25000: checking for jni.h
configure:25000: g++ -std=c++11 -c -g -O2  conftest.cpp >&5
conftest.cpp:213:10: fatal error: 'jni.h' file not found
#include <jni.h>
         ^~~~~~~
1 error generated.
configure:25000: $? = 1
configure: failed program was:
| /* confdefs.h */
| #define PACKAGE_NAME "libsigrok"
| #define PACKAGE_TARNAME "libsigrok"
| #define PACKAGE_VERSION "0.6.0"
| #define PACKAGE_STRING "libsigrok 0.6.0"
| #define PACKAGE_BUGREPORT "sigrok-devel@lists.sourceforge.net"
| #define PACKAGE_URL "http://www.sigrok.org"
| #define HAVE_STDIO_H 1
| #define HAVE_STDLIB_H 1
| #define HAVE_STRING_H 1
| #define HAVE_INTTYPES_H 1
| #define HAVE_STDINT_H 1
| #define HAVE_STRINGS_H 1
| #define HAVE_SYS_STAT_H 1
| #define HAVE_SYS_TYPES_H 1
| #define HAVE_UNISTD_H 1
| #define STDC_HEADERS 1
| #define HAVE_DLFCN_H 1
| #define LT_OBJDIR ".libs/"
| #define SR_PACKAGE_VERSION_MAJOR 0
| #define SR_PACKAGE_VERSION_MINOR 6
| #define SR_PACKAGE_VERSION_MICRO 0
| #define SR_PACKAGE_VERSION_STRING "0.6.0-git-f7305a73"
| #define SR_LIB_VERSION_CURRENT 4
| #define SR_LIB_VERSION_REVISION 0
| #define SR_LIB_VERSION_AGE 0
| #define SR_LIB_VERSION_STRING "4:0:0"
| #define HAVE_LIBSERIALPORT 1
| #define CONF_LIBSERIALPORT_VERSION "0.1.1"
| #define HAVE_LIBFTDI 1
| #define CONF_LIBFTDI_VERSION "1.5"
| #define HAVE_LIBUSB_1_0 1
| #define CONF_LIBUSB_1_0_VERSION "1.0.24"
| #define HAVE_LIBGIO 1
| #define CONF_LIBGIO_VERSION "2.68.1"
| #define HAVE_SERIAL_COMM 1
| #define HAVE_SYS_MMAN_H 1
| #define HAVE_SYS_IOCTL_H 1
| #define HAVE_RPC 1
| #define HAVE___INT128_T 1
| #define HAVE___UINT128_T 1
| #define HAVE_HW_AGILENT_DMM 1
| #define HAVE_DRIVERS 1
| #define HAVE_HW_APPA_55II 1
| #define HAVE_DRIVERS 1
| #define HAVE_HW_ARACHNID_LABS_RE_LOAD_PRO 1
| #define HAVE_DRIVERS 1
| #define HAVE_HW_ASIX_SIGMA 1
| #define HAVE_DRIVERS 1
| #define HAVE_HW_ATTEN_PPS3XXX 1
| #define HAVE_DRIVERS 1
| #define HAVE_HW_BEAGLELOGIC 1
| #define HAVE_DRIVERS 1
| #define HAVE_HW_CEM_DT_885X 1
| #define HAVE_DRIVERS 1
| #define HAVE_HW_CENTER_3XX 1
| #define HAVE_DRIVERS 1
| #define HAVE_HW_CHRONOVU_LA 1
| #define HAVE_DRIVERS 1
| #define HAVE_HW_COLEAD_SLM 1
| #define HAVE_DRIVERS 1
| #define HAVE_HW_CONRAD_DIGI_35_CPU 1
| #define HAVE_DRIVERS 1
| #define HAVE_HW_DEMO 1
| #define HAVE_DRIVERS 1
| #define HAVE_HW_DREAMSOURCELAB_DSLOGIC 1
| #define HAVE_DRIVERS 1
| #define HAVE_HW_FLUKE_45 1
| #define HAVE_DRIVERS 1
| #define HAVE_HW_FLUKE_DMM 1
| #define HAVE_DRIVERS 1
| #define HAVE_HW_FTDI_LA 1
| #define HAVE_DRIVERS 1
| #define HAVE_HW_FX2LAFW 1
| #define HAVE_DRIVERS 1
| #define HAVE_HW_GMC_MH_1X_2X 1
| #define HAVE_DRIVERS 1
| #define HAVE_HW_GWINSTEK_GDS_800 1
| #define HAVE_DRIVERS 1
| #define HAVE_HW_GWINSTEK_GPD 1
| #define HAVE_DRIVERS 1
| #define HAVE_HW_HAMEG_HMO 1
| #define HAVE_DRIVERS 1
| #define HAVE_HW_HANTEK_4032L 1
| #define HAVE_DRIVERS 1
| #define HAVE_HW_HANTEK_6XXX 1
| #define HAVE_DRIVERS 1
| #define HAVE_HW_HANTEK_DSO 1
| #define HAVE_DRIVERS 1
| #define HAVE_HW_HP_3457A 1
| #define HAVE_DRIVERS 1
| #define HAVE_HW_IKALOGIC_SCANALOGIC2 1
| #define HAVE_DRIVERS 1
| #define HAVE_HW_IKALOGIC_SCANAPLUS 1
| #define HAVE_DRIVERS 1
| #define HAVE_HW_IPDBG_LA 1
| #define HAVE_DRIVERS 1
| #define HAVE_HW_ITECH_IT8500 1
| #define HAVE_DRIVERS 1
| #define HAVE_HW_KECHENG_KC_330B 1
| #define HAVE_DRIVERS 1
| #define HAVE_HW_KERN_SCALE 1
| #define HAVE_DRIVERS 1
| #define HAVE_HW_KINGST_LA2016 1
| #define HAVE_DRIVERS 1
| #define HAVE_HW_KORAD_KAXXXXP 1
| #define HAVE_DRIVERS 1
| #define HAVE_HW_LASCAR_EL_USB 1
| #define HAVE_DRIVERS 1
| #define HAVE_HW_LECROY_LOGICSTUDIO 1
| #define HAVE_DRIVERS 1
| #define HAVE_HW_LECROY_XSTREAM 1
| #define HAVE_DRIVERS 1
| #define HAVE_HW_MANSON_HCS_3XXX 1
| #define HAVE_DRIVERS 1
| #define HAVE_HW_MASTECH_MS6514 1
| #define HAVE_DRIVERS 1
| #define HAVE_HW_MAYNUO_M97 1
| #define HAVE_DRIVERS 1
| #define HAVE_HW_MIC_985XX 1
| #define HAVE_DRIVERS 1
| #define HAVE_HW_MICROCHIP_PICKIT2 1
| #define HAVE_DRIVERS 1
| #define HAVE_HW_MOTECH_LPS_30X 1
| #define HAVE_DRIVERS 1
| #define HAVE_HW_NORMA_DMM 1
| #define HAVE_DRIVERS 1
| #define HAVE_HW_OPENBENCH_LOGIC_SNIFFER 1
| #define HAVE_DRIVERS 1
| #define HAVE_HW_PCE_322A 1
| #define HAVE_DRIVERS 1
| #define HAVE_HW_PIPISTRELLO_OLS 1
| #define HAVE_DRIVERS 1
| #define HAVE_HW_RDTECH_DPS 1
| #define HAVE_DRIVERS 1
| #define HAVE_HW_RDTECH_UM 1
| #define HAVE_DRIVERS 1
| #define HAVE_HW_RIGOL_DS 1
| #define HAVE_DRIVERS 1
| #define HAVE_HW_RIGOL_DG 1
| #define HAVE_DRIVERS 1
| #define HAVE_HW_ROHDE_SCHWARZ_SME_0X 1
| #define HAVE_DRIVERS 1
| #define HAVE_HW_SALEAE_LOGIC16 1
| #define HAVE_DRIVERS 1
| #define HAVE_HW_SALEAE_LOGIC_PRO 1
| #define HAVE_DRIVERS 1
| #define HAVE_HW_SCPI_DMM 1
| #define HAVE_DRIVERS 1
| #define HAVE_HW_SCPI_PPS 1
| #define HAVE_DRIVERS 1
| #define HAVE_HW_SERIAL_DMM 1
| #define HAVE_DRIVERS 1
| #define HAVE_HW_SERIAL_LCR 1
| #define HAVE_DRIVERS 1
| #define HAVE_HW_SIGLENT_SDS 1
| #define HAVE_DRIVERS 1
| #define HAVE_HW_SYSCLK_LWLA 1
| #define HAVE_DRIVERS 1
| #define HAVE_HW_SYSCLK_SLA5032 1
| #define HAVE_DRIVERS 1
| #define HAVE_HW_TELEINFO 1
| #define HAVE_DRIVERS 1
| #define HAVE_HW_TESTO 1
| #define HAVE_DRIVERS 1
| #define HAVE_HW_TINY_LOGIC_FRIEND_LA 1
| #define HAVE_DRIVERS 1
| #define HAVE_HW_TONDAJ_SL_814 1
| #define HAVE_DRIVERS 1
| #define HAVE_HW_UNI_T_DMM 1
| #define HAVE_DRIVERS 1
| #define HAVE_HW_UNI_T_UT181A 1
| #define HAVE_DRIVERS 1
| #define HAVE_HW_UNI_T_UT32X 1
| #define HAVE_DRIVERS 1
| #define HAVE_HW_YOKOGAWA_DLM 1
| #define HAVE_DRIVERS 1
| #define HAVE_HW_ZEROPLUS_LOGIC_CUBE 1
| #define HAVE_DRIVERS 1
| #define HAVE_HW_ZKETECH_EBD_USB 1
| #define HAVE_DRIVERS 1
| #define HAVE_CXX11 1
| #define HAVE_STOI_STOD 1
| /* end confdefs.h.  */
| #include <stddef.h>
| #ifdef HAVE_STDIO_H
| # include <stdio.h>
| #endif
| #ifdef HAVE_STDLIB_H
| # include <stdlib.h>
| #endif
| #ifdef HAVE_STRING_H
| # include <string.h>
| #endif
| #ifdef HAVE_INTTYPES_H
| # include <inttypes.h>
| #endif
| #ifdef HAVE_STDINT_H
| # include <stdint.h>
| #endif
| #ifdef HAVE_STRINGS_H
| # include <strings.h>
| #endif
| #ifdef HAVE_SYS_TYPES_H
| # include <sys/types.h>
| #endif
| #ifdef HAVE_SYS_STAT_H
| # include <sys/stat.h>
| #endif
| #ifdef HAVE_UNISTD_H
| # include <unistd.h>
| #endif
| #include <jni.h>
configure:25000: result: no
configure:25037: checking for glib-2.0 >= 2.32.0 libserialport >= 0.1.1 libftdi1 >= 1.0 libusb-1.0 >= 1.0.16 gio-2.0 >= 2.24.0 libzip >= 0.10
configure:25044: $PKG_CONFIG --exists --print-errors "glib-2.0 >= 2.32.0 $SR_PKGLIBS"
configure:25047: $? = 0
configure:25061: $PKG_CONFIG --exists --print-errors "glib-2.0 >= 2.32.0 $SR_PKGLIBS"
configure:25064: $? = 0
configure:25122: result: yes
configure:25128: checking for check >= 0.9.4 glib-2.0 libserialport >= 0.1.1 libftdi1 >= 1.0 libusb-1.0 >= 1.0.16 gio-2.0 >= 2.24.0 libzip >= 0.10
configure:25135: $PKG_CONFIG --exists --print-errors "$SR_PKGLIBS_TESTS glib-2.0 $SR_PKGLIBS"
configure:25138: $? = 0
configure:25152: $PKG_CONFIG --exists --print-errors "$SR_PKGLIBS_TESTS glib-2.0 $SR_PKGLIBS"
configure:25155: $? = 0
configure:25213: result: yes
configure:25224: checking for glibmm-2.4 >= 2.32.0
configure:25231: $PKG_CONFIG --exists --print-errors "$SR_PKGLIBS_CXX"
configure:25234: $? = 0
configure:25248: $PKG_CONFIG --exists --print-errors "$SR_PKGLIBS_CXX"
configure:25251: $? = 0
configure:25309: result: yes
configure:25315: checking for pygobject-3.0 >= 3.0.0 glibmm-2.4 >= 2.32.0
configure:25322: $PKG_CONFIG --exists --print-errors "$SR_PKGLIBS_PYTHON $SR_PKGLIBS_CXX"
configure:25325: $? = 0
configure:25339: $PKG_CONFIG --exists --print-errors "$SR_PKGLIBS_PYTHON $SR_PKGLIBS_CXX"
configure:25342: $? = 0
configure:25400: result: yes
configure:25406: checking for  glibmm-2.4 >= 2.32.0
configure:25413: $PKG_CONFIG --exists --print-errors "$SR_PKGLIBS_RUBY $SR_PKGLIBS_CXX"
configure:25416: $? = 0
configure:25430: $PKG_CONFIG --exists --print-errors "$SR_PKGLIBS_RUBY $SR_PKGLIBS_CXX"
configure:25433: $? = 0
configure:25491: result: yes
configure:25510: checking for libusb_os_handle
configure:25510: gcc -c -I/usr/local/Cellar/libffi/3.3_3/include -I/Users/margaret/sr_macosx/include -I/usr/local/Cellar/libftdi/1.5_2/include/libftdi1 -I/usr/local/Cellar/libusb/1.0.24/include/libusb-1.0 -I/usr/local/Cellar/glib/2.68.1/include -I/usr/local/Cellar/glib/2.68.1/include/glib-2.0 -I/usr/local/Cellar/glib/2.68.1/lib/glib-2.0/include -I/usr/local/opt/gettext/include -I/usr/local/Cellar/pcre/8.44/include -I/usr/local/Cellar/libzip/1.7.3/include -g -O2  conftest.c >&5
conftest.c:190:13: error: use of undeclared identifier 'libusb_os_handle'
if (sizeof (libusb_os_handle))
            ^
1 error generated.
configure:25510: $? = 1
configure: failed program was:
| /* confdefs.h */
| #define PACKAGE_NAME "libsigrok"
| #define PACKAGE_TARNAME "libsigrok"
| #define PACKAGE_VERSION "0.6.0"
| #define PACKAGE_STRING "libsigrok 0.6.0"
| #define PACKAGE_BUGREPORT "sigrok-devel@lists.sourceforge.net"
| #define PACKAGE_URL "http://www.sigrok.org"
| #define HAVE_STDIO_H 1
| #define HAVE_STDLIB_H 1
| #define HAVE_STRING_H 1
| #define HAVE_INTTYPES_H 1
| #define HAVE_STDINT_H 1
| #define HAVE_STRINGS_H 1
| #define HAVE_SYS_STAT_H 1
| #define HAVE_SYS_TYPES_H 1
| #define HAVE_UNISTD_H 1
| #define STDC_HEADERS 1
| #define HAVE_DLFCN_H 1
| #define LT_OBJDIR ".libs/"
| #define SR_PACKAGE_VERSION_MAJOR 0
| #define SR_PACKAGE_VERSION_MINOR 6
| #define SR_PACKAGE_VERSION_MICRO 0
| #define SR_PACKAGE_VERSION_STRING "0.6.0-git-f7305a73"
| #define SR_LIB_VERSION_CURRENT 4
| #define SR_LIB_VERSION_REVISION 0
| #define SR_LIB_VERSION_AGE 0
| #define SR_LIB_VERSION_STRING "4:0:0"
| #define HAVE_LIBSERIALPORT 1
| #define CONF_LIBSERIALPORT_VERSION "0.1.1"
| #define HAVE_LIBFTDI 1
| #define CONF_LIBFTDI_VERSION "1.5"
| #define HAVE_LIBUSB_1_0 1
| #define CONF_LIBUSB_1_0_VERSION "1.0.24"
| #define HAVE_LIBGIO 1
| #define CONF_LIBGIO_VERSION "2.68.1"
| #define HAVE_SERIAL_COMM 1
| #define HAVE_SYS_MMAN_H 1
| #define HAVE_SYS_IOCTL_H 1
| #define HAVE_RPC 1
| #define HAVE___INT128_T 1
| #define HAVE___UINT128_T 1
| #define HAVE_HW_AGILENT_DMM 1
| #define HAVE_DRIVERS 1
| #define HAVE_HW_APPA_55II 1
| #define HAVE_DRIVERS 1
| #define HAVE_HW_ARACHNID_LABS_RE_LOAD_PRO 1
| #define HAVE_DRIVERS 1
| #define HAVE_HW_ASIX_SIGMA 1
| #define HAVE_DRIVERS 1
| #define HAVE_HW_ATTEN_PPS3XXX 1
| #define HAVE_DRIVERS 1
| #define HAVE_HW_BEAGLELOGIC 1
| #define HAVE_DRIVERS 1
| #define HAVE_HW_CEM_DT_885X 1
| #define HAVE_DRIVERS 1
| #define HAVE_HW_CENTER_3XX 1
| #define HAVE_DRIVERS 1
| #define HAVE_HW_CHRONOVU_LA 1
| #define HAVE_DRIVERS 1
| #define HAVE_HW_COLEAD_SLM 1
| #define HAVE_DRIVERS 1
| #define HAVE_HW_CONRAD_DIGI_35_CPU 1
| #define HAVE_DRIVERS 1
| #define HAVE_HW_DEMO 1
| #define HAVE_DRIVERS 1
| #define HAVE_HW_DREAMSOURCELAB_DSLOGIC 1
| #define HAVE_DRIVERS 1
| #define HAVE_HW_FLUKE_45 1
| #define HAVE_DRIVERS 1
| #define HAVE_HW_FLUKE_DMM 1
| #define HAVE_DRIVERS 1
| #define HAVE_HW_FTDI_LA 1
| #define HAVE_DRIVERS 1
| #define HAVE_HW_FX2LAFW 1
| #define HAVE_DRIVERS 1
| #define HAVE_HW_GMC_MH_1X_2X 1
| #define HAVE_DRIVERS 1
| #define HAVE_HW_GWINSTEK_GDS_800 1
| #define HAVE_DRIVERS 1
| #define HAVE_HW_GWINSTEK_GPD 1
| #define HAVE_DRIVERS 1
| #define HAVE_HW_HAMEG_HMO 1
| #define HAVE_DRIVERS 1
| #define HAVE_HW_HANTEK_4032L 1
| #define HAVE_DRIVERS 1
| #define HAVE_HW_HANTEK_6XXX 1
| #define HAVE_DRIVERS 1
| #define HAVE_HW_HANTEK_DSO 1
| #define HAVE_DRIVERS 1
| #define HAVE_HW_HP_3457A 1
| #define HAVE_DRIVERS 1
| #define HAVE_HW_IKALOGIC_SCANALOGIC2 1
| #define HAVE_DRIVERS 1
| #define HAVE_HW_IKALOGIC_SCANAPLUS 1
| #define HAVE_DRIVERS 1
| #define HAVE_HW_IPDBG_LA 1
| #define HAVE_DRIVERS 1
| #define HAVE_HW_ITECH_IT8500 1
| #define HAVE_DRIVERS 1
| #define HAVE_HW_KECHENG_KC_330B 1
| #define HAVE_DRIVERS 1
| #define HAVE_HW_KERN_SCALE 1
| #define HAVE_DRIVERS 1
| #define HAVE_HW_KINGST_LA2016 1
| #define HAVE_DRIVERS 1
| #define HAVE_HW_KORAD_KAXXXXP 1
| #define HAVE_DRIVERS 1
| #define HAVE_HW_LASCAR_EL_USB 1
| #define HAVE_DRIVERS 1
| #define HAVE_HW_LECROY_LOGICSTUDIO 1
| #define HAVE_DRIVERS 1
| #define HAVE_HW_LECROY_XSTREAM 1
| #define HAVE_DRIVERS 1
| #define HAVE_HW_MANSON_HCS_3XXX 1
| #define HAVE_DRIVERS 1
| #define HAVE_HW_MASTECH_MS6514 1
| #define HAVE_DRIVERS 1
| #define HAVE_HW_MAYNUO_M97 1
| #define HAVE_DRIVERS 1
| #define HAVE_HW_MIC_985XX 1
| #define HAVE_DRIVERS 1
| #define HAVE_HW_MICROCHIP_PICKIT2 1
| #define HAVE_DRIVERS 1
| #define HAVE_HW_MOTECH_LPS_30X 1
| #define HAVE_DRIVERS 1
| #define HAVE_HW_NORMA_DMM 1
| #define HAVE_DRIVERS 1
| #define HAVE_HW_OPENBENCH_LOGIC_SNIFFER 1
| #define HAVE_DRIVERS 1
| #define HAVE_HW_PCE_322A 1
| #define HAVE_DRIVERS 1
| #define HAVE_HW_PIPISTRELLO_OLS 1
| #define HAVE_DRIVERS 1
| #define HAVE_HW_RDTECH_DPS 1
| #define HAVE_DRIVERS 1
| #define HAVE_HW_RDTECH_UM 1
| #define HAVE_DRIVERS 1
| #define HAVE_HW_RIGOL_DS 1
| #define HAVE_DRIVERS 1
| #define HAVE_HW_RIGOL_DG 1
| #define HAVE_DRIVERS 1
| #define HAVE_HW_ROHDE_SCHWARZ_SME_0X 1
| #define HAVE_DRIVERS 1
| #define HAVE_HW_SALEAE_LOGIC16 1
| #define HAVE_DRIVERS 1
| #define HAVE_HW_SALEAE_LOGIC_PRO 1
| #define HAVE_DRIVERS 1
| #define HAVE_HW_SCPI_DMM 1
| #define HAVE_DRIVERS 1
| #define HAVE_HW_SCPI_PPS 1
| #define HAVE_DRIVERS 1
| #define HAVE_HW_SERIAL_DMM 1
| #define HAVE_DRIVERS 1
| #define HAVE_HW_SERIAL_LCR 1
| #define HAVE_DRIVERS 1
| #define HAVE_HW_SIGLENT_SDS 1
| #define HAVE_DRIVERS 1
| #define HAVE_HW_SYSCLK_LWLA 1
| #define HAVE_DRIVERS 1
| #define HAVE_HW_SYSCLK_SLA5032 1
| #define HAVE_DRIVERS 1
| #define HAVE_HW_TELEINFO 1
| #define HAVE_DRIVERS 1
| #define HAVE_HW_TESTO 1
| #define HAVE_DRIVERS 1
| #define HAVE_HW_TINY_LOGIC_FRIEND_LA 1
| #define HAVE_DRIVERS 1
| #define HAVE_HW_TONDAJ_SL_814 1
| #define HAVE_DRIVERS 1
| #define HAVE_HW_UNI_T_DMM 1
| #define HAVE_DRIVERS 1
| #define HAVE_HW_UNI_T_UT181A 1
| #define HAVE_DRIVERS 1
| #define HAVE_HW_UNI_T_UT32X 1
| #define HAVE_DRIVERS 1
| #define HAVE_HW_YOKOGAWA_DLM 1
| #define HAVE_DRIVERS 1
| #define HAVE_HW_ZEROPLUS_LOGIC_CUBE 1
| #define HAVE_DRIVERS 1
| #define HAVE_HW_ZKETECH_EBD_USB 1
| #define HAVE_DRIVERS 1
| #define HAVE_CXX11 1
| #define HAVE_STOI_STOD 1
| /* end confdefs.h.  */
| #include <libusb.h>
| 
| int
| main (void)
| {
| if (sizeof (libusb_os_handle))
| 	 return 0;
|   ;
|   return 0;
| }
configure:25510: result: no
configure:25522: checking for zip_discard
configure:25522: gcc -o conftest -I/usr/local/Cellar/libffi/3.3_3/include -I/Users/margaret/sr_macosx/include -I/usr/local/Cellar/libftdi/1.5_2/include/libftdi1 -I/usr/local/Cellar/libusb/1.0.24/include/libusb-1.0 -I/usr/local/Cellar/glib/2.68.1/include -I/usr/local/Cellar/glib/2.68.1/include/glib-2.0 -I/usr/local/Cellar/glib/2.68.1/lib/glib-2.0/include -I/usr/local/opt/gettext/include -I/usr/local/Cellar/pcre/8.44/include -I/usr/local/Cellar/libzip/1.7.3/include -g -O2   conftest.c -L/Users/margaret/sr_macosx/lib -L/usr/local/Cellar/libftdi/1.5_2/lib -L/usr/local/Cellar/libusb/1.0.24/lib -L/usr/local/Cellar/glib/2.68.1/lib -L/usr/local/opt/gettext/lib -L/usr/local/Cellar/libzip/1.7.3/lib -lserialport -lftdi1 -lusb-1.0 -lgio-2.0 -lgobject-2.0 -lglib-2.0 -lintl -lzip  >&5
configure:25522: $? = 0
configure:25522: result: yes
configure:25663: checking that generated files are newer than configure
configure:25669: result: done
configure:26045: creating ./config.status

## ---------------- ##
## Cache variables. ##
## ---------------- ##

ac_cv_build=x86_64-apple-darwin20.4.0
ac_cv_c_bigendian=no
ac_cv_c_compiler_gnu=yes
ac_cv_cxx_compiler_gnu=yes
ac_cv_env_CCC_set=
ac_cv_env_CCC_value=
ac_cv_env_CC_set=set
ac_cv_env_CC_value=gcc
ac_cv_env_CFLAGS_set=
ac_cv_env_CFLAGS_value=
ac_cv_env_CPPFLAGS_set=
ac_cv_env_CPPFLAGS_value=
ac_cv_env_CXXCPP_set=
ac_cv_env_CXXCPP_value=
ac_cv_env_CXXFLAGS_set=
ac_cv_env_CXXFLAGS_value=
ac_cv_env_CXX_set=set
ac_cv_env_CXX_value=g++
ac_cv_env_LDFLAGS_set=
ac_cv_env_LDFLAGS_value=
ac_cv_env_LIBSIGROKCXX_CFLAGS_set=
ac_cv_env_LIBSIGROKCXX_CFLAGS_value=
ac_cv_env_LIBSIGROKCXX_LIBS_set=
ac_cv_env_LIBSIGROKCXX_LIBS_value=
ac_cv_env_LIBSIGROK_CFLAGS_set=
ac_cv_env_LIBSIGROK_CFLAGS_value=
ac_cv_env_LIBSIGROK_LIBS_set=
ac_cv_env_LIBSIGROK_LIBS_value=
ac_cv_env_LIBS_set=
ac_cv_env_LIBS_value=
ac_cv_env_LT_SYS_LIBRARY_PATH_set=
ac_cv_env_LT_SYS_LIBRARY_PATH_value=
ac_cv_env_PKG_CONFIG_LIBDIR_set=
ac_cv_env_PKG_CONFIG_LIBDIR_value=
ac_cv_env_PKG_CONFIG_PATH_set=set
ac_cv_env_PKG_CONFIG_PATH_value=/Users/margaret/sr_macosx/lib/pkgconfig:/usr/local/opt/libffi/lib/pkgconfig:/usr/local/opt/python@2.7.17/lib/pkgconfig:/usr/local/opt/python@3.9/lib/pkgconfig:/usr/local/opt/qt@5.5/lib/pkgconfig
ac_cv_env_PKG_CONFIG_set=
ac_cv_env_PKG_CONFIG_value=
ac_cv_env_PYSIGROK_CFLAGS_set=
ac_cv_env_PYSIGROK_CFLAGS_value=
ac_cv_env_PYSIGROK_LIBS_set=
ac_cv_env_PYSIGROK_LIBS_value=
ac_cv_env_PYTHON_set=
ac_cv_env_PYTHON_value=
ac_cv_env_RBSIGROK_CFLAGS_set=
ac_cv_env_RBSIGROK_CFLAGS_value=
ac_cv_env_RBSIGROK_LIBS_set=
ac_cv_env_RBSIGROK_LIBS_value=
ac_cv_env_TESTS_CFLAGS_set=
ac_cv_env_TESTS_CFLAGS_value=
ac_cv_env_TESTS_LIBS_set=
ac_cv_env_TESTS_LIBS_value=
ac_cv_env_TIRPC_CFLAGS_set=
ac_cv_env_TIRPC_CFLAGS_value=
ac_cv_env_TIRPC_LIBS_set=
ac_cv_env_TIRPC_LIBS_value=
ac_cv_env_build_alias_set=
ac_cv_env_build_alias_value=
ac_cv_env_host_alias_set=
ac_cv_env_host_alias_value=
ac_cv_env_target_alias_set=
ac_cv_env_target_alias_value=
ac_cv_func_zip_discard=yes
ac_cv_header_dlfcn_h=yes
ac_cv_header_inttypes_h=yes
ac_cv_header_jni_h=no
ac_cv_header_stdint_h=yes
ac_cv_header_stdio_h=yes
ac_cv_header_stdlib_h=yes
ac_cv_header_string_h=yes
ac_cv_header_strings_h=yes
ac_cv_header_sys_ioctl_h=yes
ac_cv_header_sys_mman_h=yes
ac_cv_header_sys_stat_h=yes
ac_cv_header_sys_timerfd_h=no
ac_cv_header_sys_types_h=yes
ac_cv_header_unistd_h=yes
ac_cv_host=x86_64-apple-darwin20.4.0
ac_cv_jni_header_path=none
ac_cv_objext=o
ac_cv_path_EGREP='/usr/bin/grep -E'
ac_cv_path_FGREP='/usr/bin/grep -F'
ac_cv_path_GREP=/usr/bin/grep
ac_cv_path_PYTHON=/Users/margaret/.pyenv/shims/python
ac_cv_path_RUBY=/usr/bin/ruby
ac_cv_path_SED=/usr/bin/sed
ac_cv_path__ACJNI_JAVAC=/usr/bin/javac
ac_cv_path_ac_pt_PKG_CONFIG=/usr/local/bin/pkg-config
ac_cv_path_install='/usr/local/bin/ginstall -c'
ac_cv_path_lt_DD=/bin/dd
ac_cv_path_mkdir=/usr/local/bin/gmkdir
ac_cv_prog_AWK=awk
ac_cv_prog_CXXCPP='g++ -E'
ac_cv_prog_HAVE_DOXYGEN=yes
ac_cv_prog_HAVE_JAVAC=yes
ac_cv_prog_JAVAC=javac
ac_cv_prog_SWIG=swig
ac_cv_prog_ac_ct_AR=ar
ac_cv_prog_ac_ct_CC=gcc
ac_cv_prog_ac_ct_DSYMUTIL=dsymutil
ac_cv_prog_ac_ct_LIPO=lipo
ac_cv_prog_ac_ct_NMEDIT=nmedit
ac_cv_prog_ac_ct_OBJDUMP=objdump
ac_cv_prog_ac_ct_OTOOL=otool
ac_cv_prog_ac_ct_RANLIB=ranlib
ac_cv_prog_ac_ct_STRIP=strip
ac_cv_prog_cc_c11=
ac_cv_prog_cc_g=yes
ac_cv_prog_cc_stdc=
ac_cv_prog_cxx_11=no
ac_cv_prog_cxx_g=yes
ac_cv_prog_cxx_stdcxx=
ac_cv_prog_javac_works=yes
ac_cv_prog_make_make_set=yes
ac_cv_search___cxa_throw='none required'
ac_cv_search_pow='none required'
ac_cv_sys_file_offset_bits=no
ac_cv_sys_largefile_CC=no
ac_cv_type___int128_t=yes
ac_cv_type___uint128_t=yes
ac_cv_type_libusb_os_handle=no
am_cv_CC_dependencies_compiler_type=gcc3
am_cv_CXX_dependencies_compiler_type=gcc3
am_cv_ar_interface=ar
am_cv_make_support_nested_variables=yes
am_cv_pathless_PYTHON=python
am_cv_prog_cc_c_o=yes
am_cv_python_platform=darwin
am_cv_python_pyexecdir='${exec_prefix}/lib/python2.7/site-packages'
am_cv_python_pythondir='${prefix}/lib/python2.7/site-packages'
am_cv_python_version=2.7
ax_cv_cxx_compile_cxx11=no
ax_cv_cxx_compile_cxx11__std_cpp11=yes
lt_cv_apple_cc_single_mod=yes
lt_cv_ar_at_file=no
lt_cv_deplibs_check_method=pass_all
lt_cv_file_magic_cmd='$MAGIC_CMD'
lt_cv_file_magic_test_file=
lt_cv_ld_exported_symbols_list=yes
lt_cv_ld_force_load=yes
lt_cv_ld_reload_flag=-r
lt_cv_nm_interface='BSD nm'
lt_cv_objdir=.libs
lt_cv_path_LD=/Library/Developer/CommandLineTools/usr/bin/ld
lt_cv_path_LDCXX=/Library/Developer/CommandLineTools/usr/bin/ld
lt_cv_path_NM='/usr/bin/nm -B'
lt_cv_path_mainfest_tool=no
lt_cv_prog_compiler_c_o=yes
lt_cv_prog_compiler_c_o_CXX=yes
lt_cv_prog_compiler_pic='-fno-common -DPIC'
lt_cv_prog_compiler_pic_CXX='-fno-common -DPIC'
lt_cv_prog_compiler_pic_works=yes
lt_cv_prog_compiler_pic_works_CXX=yes
lt_cv_prog_compiler_rtti_exceptions=yes
lt_cv_prog_compiler_static_works=no
lt_cv_prog_compiler_static_works_CXX=no
lt_cv_prog_gnu_ld=no
lt_cv_prog_gnu_ldcxx=no
lt_cv_sharedlib_from_linklib_cmd='printf %s\n'
lt_cv_sys_global_symbol_pipe='sed -n -e '\''s/^.*[	 ]\([BCDEGRST][BCDEGRST]*\)[	 ][	 ]*_\([_A-Za-z][_A-Za-z0-9]*\)$/\1 _\2 \2/p'\'' | sed '\''/ __gnu_lto/d'\'''
lt_cv_sys_global_symbol_to_c_name_address='sed -n -e '\''s/^: \(.*\) .*$/  {"\1", (void *) 0},/p'\'' -e '\''s/^[BCDEGRST][BCDEGRST]* .* \(.*\)$/  {"\1", (void *) \&\1},/p'\'''
lt_cv_sys_global_symbol_to_c_name_address_lib_prefix='sed -n -e '\''s/^: \(.*\) .*$/  {"\1", (void *) 0},/p'\'' -e '\''s/^[BCDEGRST][BCDEGRST]* .* \(lib.*\)$/  {"\1", (void *) \&\1},/p'\'' -e '\''s/^[BCDEGRST][BCDEGRST]* .* \(.*\)$/  {"lib\1", (void *) \&\1},/p'\'''
lt_cv_sys_global_symbol_to_cdecl='sed -n -e '\''s/^T .* \(.*\)$/extern int \1();/p'\'' -e '\''s/^[BCDEGRST][BCDEGRST]* .* \(.*\)$/extern char \1;/p'\'''
lt_cv_sys_global_symbol_to_import=
lt_cv_sys_max_cmd_len=786432
lt_cv_to_host_file_cmd=func_convert_file_noop
lt_cv_to_tool_file_cmd=func_convert_file_noop
lt_cv_truncate_bin='/bin/dd bs=4096 count=1'
pkg_cv_LIBSIGROKCXX_CFLAGS='-I/usr/local/Cellar/libffi/3.3_3/include -I/usr/local/Cellar/glibmm@2.66/2.66.0/include/glibmm-2.4 -I/usr/local/Cellar/glibmm@2.66/2.66.0/lib/glibmm-2.4/include -I/usr/local/Cellar/glib/2.68.1/include -I/usr/local/Cellar/glib/2.68.1/include/glib-2.0 -I/usr/local/Cellar/glib/2.68.1/lib/glib-2.0/include -I/usr/local/opt/gettext/include -I/usr/local/Cellar/pcre/8.44/include -I/usr/local/Cellar/libsigc++@2/2.10.6/include/sigc++-2.0 -I/usr/local/Cellar/libsigc++@2/2.10.6/lib/sigc++-2.0/include'
pkg_cv_LIBSIGROKCXX_LIBS='-L/usr/local/Cellar/glibmm@2.66/2.66.0/lib -L/usr/local/Cellar/glib/2.68.1/lib -L/usr/local/opt/gettext/lib -L/usr/local/Cellar/libsigc++@2/2.10.6/lib -lglibmm-2.4 -lgobject-2.0 -lglib-2.0 -lintl -lsigc-2.0'
pkg_cv_LIBSIGROK_CFLAGS='-I/usr/local/Cellar/libffi/3.3_3/include -I/Users/margaret/sr_macosx/include -I/usr/local/Cellar/libftdi/1.5_2/include/libftdi1 -I/usr/local/Cellar/libusb/1.0.24/include/libusb-1.0 -I/usr/local/Cellar/glib/2.68.1/include -I/usr/local/Cellar/glib/2.68.1/include/glib-2.0 -I/usr/local/Cellar/glib/2.68.1/lib/glib-2.0/include -I/usr/local/opt/gettext/include -I/usr/local/Cellar/pcre/8.44/include -I/usr/local/Cellar/libzip/1.7.3/include'
pkg_cv_LIBSIGROK_LIBS='-L/Users/margaret/sr_macosx/lib -L/usr/local/Cellar/libftdi/1.5_2/lib -L/usr/local/Cellar/libusb/1.0.24/lib -L/usr/local/Cellar/glib/2.68.1/lib -L/usr/local/opt/gettext/lib -L/usr/local/Cellar/libzip/1.7.3/lib -lserialport -lftdi1 -lusb-1.0 -lgio-2.0 -lgobject-2.0 -lglib-2.0 -lintl -lzip'
pkg_cv_PYSIGROK_CFLAGS='-I/usr/local/Cellar/libffi/3.3_3/include -I/usr/local/Cellar/pygobject3/3.40.1/include/pygobject-3.0 -I/usr/local/Cellar/glibmm@2.66/2.66.0/include/glibmm-2.4 -I/usr/local/Cellar/glibmm@2.66/2.66.0/lib/glibmm-2.4/include -I/usr/local/Cellar/glib/2.68.1/include -I/usr/local/Cellar/glib/2.68.1/include/glib-2.0 -I/usr/local/Cellar/glib/2.68.1/lib/glib-2.0/include -I/usr/local/opt/gettext/include -I/usr/local/Cellar/pcre/8.44/include -I/usr/local/Cellar/libsigc++@2/2.10.6/include/sigc++-2.0 -I/usr/local/Cellar/libsigc++@2/2.10.6/lib/sigc++-2.0/include'
pkg_cv_PYSIGROK_LIBS='-L/usr/local/Cellar/glibmm@2.66/2.66.0/lib -L/usr/local/Cellar/glib/2.68.1/lib -L/usr/local/opt/gettext/lib -L/usr/local/Cellar/libsigc++@2/2.10.6/lib -lglibmm-2.4 -lgobject-2.0 -lglib-2.0 -lintl -lsigc-2.0'
pkg_cv_RBSIGROK_CFLAGS='-I/usr/local/Cellar/libffi/3.3_3/include -I/usr/local/Cellar/glibmm@2.66/2.66.0/include/glibmm-2.4 -I/usr/local/Cellar/glibmm@2.66/2.66.0/lib/glibmm-2.4/include -I/usr/local/Cellar/glib/2.68.1/include -I/usr/local/Cellar/glib/2.68.1/include/glib-2.0 -I/usr/local/Cellar/glib/2.68.1/lib/glib-2.0/include -I/usr/local/opt/gettext/include -I/usr/local/Cellar/pcre/8.44/include -I/usr/local/Cellar/libsigc++@2/2.10.6/include/sigc++-2.0 -I/usr/local/Cellar/libsigc++@2/2.10.6/lib/sigc++-2.0/include'
pkg_cv_RBSIGROK_LIBS='-L/usr/local/Cellar/glibmm@2.66/2.66.0/lib -L/usr/local/Cellar/glib/2.68.1/lib -L/usr/local/opt/gettext/lib -L/usr/local/Cellar/libsigc++@2/2.10.6/lib -lglibmm-2.4 -lgobject-2.0 -lglib-2.0 -lintl -lsigc-2.0'
pkg_cv_TESTS_CFLAGS='-D_THREAD_SAFE -I/usr/local/Cellar/libffi/3.3_3/include -I/Users/margaret/sr_macosx/include -I/usr/local/Cellar/check/0.15.2/include -I/usr/local/Cellar/libftdi/1.5_2/include/libftdi1 -I/usr/local/Cellar/libusb/1.0.24/include/libusb-1.0 -I/usr/local/Cellar/glib/2.68.1/include -I/usr/local/Cellar/glib/2.68.1/include/glib-2.0 -I/usr/local/Cellar/glib/2.68.1/lib/glib-2.0/include -I/usr/local/opt/gettext/include -I/usr/local/Cellar/pcre/8.44/include -I/usr/local/Cellar/libzip/1.7.3/include'
pkg_cv_TESTS_LIBS='-L/Users/margaret/sr_macosx/lib -L/usr/local/Cellar/check/0.15.2/lib -L/usr/local/Cellar/libftdi/1.5_2/lib -L/usr/local/Cellar/libusb/1.0.24/lib -L/usr/local/Cellar/glib/2.68.1/lib -L/usr/local/opt/gettext/lib -L/usr/local/Cellar/libzip/1.7.3/lib -lcheck -lserialport -lftdi1 -lusb-1.0 -lgio-2.0 -lgobject-2.0 -lglib-2.0 -lintl -lzip'
sr_cv_have_rpc=yes
sr_cv_have_stoi_stod=yes
sr_cv_have_sunrpc=yes
sr_cv_have_tirpc=no
sr_cv_prog_make_order_only=yes

## ----------------- ##
## Output variables. ##
## ----------------- ##

ACLOCAL='${SHELL} '\''/Users/margaret/Github/sigrok-util/cross-compile/macosx/build/libsigrok/autostuff/missing'\'' aclocal-1.16'
AMDEPBACKSLASH='\'
AMDEP_FALSE='#'
AMDEP_TRUE=''
AMTAR='$${TAR-tar}'
AM_BACKSLASH='\'
AM_DEFAULT_V='$(AM_DEFAULT_VERBOSITY)'
AM_DEFAULT_VERBOSITY='0'
AM_V='$(V)'
AR='ar'
AUTOCONF='${SHELL} '\''/Users/margaret/Github/sigrok-util/cross-compile/macosx/build/libsigrok/autostuff/missing'\'' autoconf'
AUTOHEADER='${SHELL} '\''/Users/margaret/Github/sigrok-util/cross-compile/macosx/build/libsigrok/autostuff/missing'\'' autoheader'
AUTOMAKE='${SHELL} '\''/Users/margaret/Github/sigrok-util/cross-compile/macosx/build/libsigrok/autostuff/missing'\'' automake-1.16'
AWK='awk'
BINDINGS_CXX_FALSE='#'
BINDINGS_CXX_TRUE=''
BINDINGS_JAVA_FALSE=''
BINDINGS_JAVA_TRUE='#'
BINDINGS_PYTHON_FALSE=''
BINDINGS_PYTHON_TRUE='#'
BINDINGS_RUBY_FALSE=''
BINDINGS_RUBY_TRUE='#'
CC='gcc'
CCDEPMODE='depmode=gcc3'
CFLAGS='-g -O2'
CONFIG_STATUS_DEPENDENCIES='$(wildcard $(top_srcdir)/.git/HEAD $(top_srcdir)/.git/refs/heads/tannewt_merge)'
CPPFLAGS=''
CXX='g++ -std=c++11'
CXXCPP='g++ -E -std=c++11'
CXXDEPMODE='depmode=gcc3'
CXXFLAGS='-g -O2'
CYGPATH_W='echo'
DEFS='-DHAVE_CONFIG_H'
DEPDIR='.deps'
DLLTOOL='false'
DSYMUTIL='dsymutil'
DUMPBIN=''
ECHO_C='\c'
ECHO_N=''
ECHO_T=''
EGREP='/usr/bin/grep -E'
EXEEXT=''
FGREP='/usr/bin/grep -F'
GREP='/usr/bin/grep'
HAVE_CHECK_FALSE='#'
HAVE_CHECK_TRUE=''
HAVE_CXX11='1'
HAVE_DOXYGEN='yes'
HAVE_JAVAC='yes'
HW_AGILENT_DMM_FALSE='#'
HW_AGILENT_DMM_TRUE=''
HW_APPA_55II_FALSE='#'
HW_APPA_55II_TRUE=''
HW_ARACHNID_LABS_RE_LOAD_PRO_FALSE='#'
HW_ARACHNID_LABS_RE_LOAD_PRO_TRUE=''
HW_ASIX_SIGMA_FALSE='#'
HW_ASIX_SIGMA_TRUE=''
HW_ATTEN_PPS3XXX_FALSE='#'
HW_ATTEN_PPS3XXX_TRUE=''
HW_BAYLIBRE_ACME_FALSE=''
HW_BAYLIBRE_ACME_TRUE='#'
HW_BEAGLELOGIC_FALSE='#'
HW_BEAGLELOGIC_TRUE=''
HW_CEM_DT_885X_FALSE='#'
HW_CEM_DT_885X_TRUE=''
HW_CENTER_3XX_FALSE='#'
HW_CENTER_3XX_TRUE=''
HW_CHRONOVU_LA_FALSE='#'
HW_CHRONOVU_LA_TRUE=''
HW_COLEAD_SLM_FALSE='#'
HW_COLEAD_SLM_TRUE=''
HW_CONRAD_DIGI_35_CPU_FALSE='#'
HW_CONRAD_DIGI_35_CPU_TRUE=''
HW_DEMO_FALSE='#'
HW_DEMO_TRUE=''
HW_DREAMSOURCELAB_DSLOGIC_FALSE='#'
HW_DREAMSOURCELAB_DSLOGIC_TRUE=''
HW_FLUKE_45_FALSE='#'
HW_FLUKE_45_TRUE=''
HW_FLUKE_DMM_FALSE='#'
HW_FLUKE_DMM_TRUE=''
HW_FTDI_LA_FALSE='#'
HW_FTDI_LA_TRUE=''
HW_FX2LAFW_FALSE='#'
HW_FX2LAFW_TRUE=''
HW_GMC_MH_1X_2X_FALSE='#'
HW_GMC_MH_1X_2X_TRUE=''
HW_GWINSTEK_GDS_800_FALSE='#'
HW_GWINSTEK_GDS_800_TRUE=''
HW_GWINSTEK_GPD_FALSE='#'
HW_GWINSTEK_GPD_TRUE=''
HW_HAMEG_HMO_FALSE='#'
HW_HAMEG_HMO_TRUE=''
HW_HANTEK_4032L_FALSE='#'
HW_HANTEK_4032L_TRUE=''
HW_HANTEK_6XXX_FALSE='#'
HW_HANTEK_6XXX_TRUE=''
HW_HANTEK_DSO_FALSE='#'
HW_HANTEK_DSO_TRUE=''
HW_HP_3457A_FALSE='#'
HW_HP_3457A_TRUE=''
HW_HP_3478A_FALSE=''
HW_HP_3478A_TRUE='#'
HW_HUNG_CHANG_DSO_2100_FALSE=''
HW_HUNG_CHANG_DSO_2100_TRUE='#'
HW_IKALOGIC_SCANALOGIC2_FALSE='#'
HW_IKALOGIC_SCANALOGIC2_TRUE=''
HW_IKALOGIC_SCANAPLUS_FALSE='#'
HW_IKALOGIC_SCANAPLUS_TRUE=''
HW_IPDBG_LA_FALSE='#'
HW_IPDBG_LA_TRUE=''
HW_ITECH_IT8500_FALSE='#'
HW_ITECH_IT8500_TRUE=''
HW_KECHENG_KC_330B_FALSE='#'
HW_KECHENG_KC_330B_TRUE=''
HW_KERN_SCALE_FALSE='#'
HW_KERN_SCALE_TRUE=''
HW_KINGST_LA2016_FALSE='#'
HW_KINGST_LA2016_TRUE=''
HW_KORAD_KAXXXXP_FALSE='#'
HW_KORAD_KAXXXXP_TRUE=''
HW_LASCAR_EL_USB_FALSE='#'
HW_LASCAR_EL_USB_TRUE=''
HW_LECROY_LOGICSTUDIO_FALSE='#'
HW_LECROY_LOGICSTUDIO_TRUE=''
HW_LECROY_XSTREAM_FALSE='#'
HW_LECROY_XSTREAM_TRUE=''
HW_MANSON_HCS_3XXX_FALSE='#'
HW_MANSON_HCS_3XXX_TRUE=''
HW_MASTECH_MS6514_FALSE='#'
HW_MASTECH_MS6514_TRUE=''
HW_MAYNUO_M97_FALSE='#'
HW_MAYNUO_M97_TRUE=''
HW_MICROCHIP_PICKIT2_FALSE='#'
HW_MICROCHIP_PICKIT2_TRUE=''
HW_MIC_985XX_FALSE='#'
HW_MIC_985XX_TRUE=''
HW_MOOSHIMETER_DMM_FALSE=''
HW_MOOSHIMETER_DMM_TRUE='#'
HW_MOTECH_LPS_30X_FALSE='#'
HW_MOTECH_LPS_30X_TRUE=''
HW_NORMA_DMM_FALSE='#'
HW_NORMA_DMM_TRUE=''
HW_OPENBENCH_LOGIC_SNIFFER_FALSE='#'
HW_OPENBENCH_LOGIC_SNIFFER_TRUE=''
HW_PCE_322A_FALSE='#'
HW_PCE_322A_TRUE=''
HW_PIPISTRELLO_OLS_FALSE='#'
HW_PIPISTRELLO_OLS_TRUE=''
HW_RDTECH_DPS_FALSE='#'
HW_RDTECH_DPS_TRUE=''
HW_RDTECH_TC_FALSE=''
HW_RDTECH_TC_TRUE='#'
HW_RDTECH_UM_FALSE='#'
HW_RDTECH_UM_TRUE=''
HW_RIGOL_DG_FALSE='#'
HW_RIGOL_DG_TRUE=''
HW_RIGOL_DS_FALSE='#'
HW_RIGOL_DS_TRUE=''
HW_ROHDE_SCHWARZ_SME_0X_FALSE='#'
HW_ROHDE_SCHWARZ_SME_0X_TRUE=''
HW_SALEAE_LOGIC16_FALSE='#'
HW_SALEAE_LOGIC16_TRUE=''
HW_SALEAE_LOGIC_PRO_FALSE='#'
HW_SALEAE_LOGIC_PRO_TRUE=''
HW_SCPI_DMM_FALSE='#'
HW_SCPI_DMM_TRUE=''
HW_SCPI_PPS_FALSE='#'
HW_SCPI_PPS_TRUE=''
HW_SERIAL_DMM_FALSE='#'
HW_SERIAL_DMM_TRUE=''
HW_SERIAL_LCR_FALSE='#'
HW_SERIAL_LCR_TRUE=''
HW_SIGLENT_SDS_FALSE='#'
HW_SIGLENT_SDS_TRUE=''
HW_SYSCLK_LWLA_FALSE='#'
HW_SYSCLK_LWLA_TRUE=''
HW_SYSCLK_SLA5032_FALSE='#'
HW_SYSCLK_SLA5032_TRUE=''
HW_TELEINFO_FALSE='#'
HW_TELEINFO_TRUE=''
HW_TESTO_FALSE='#'
HW_TESTO_TRUE=''
HW_TINY_LOGIC_FRIEND_LA_FALSE='#'
HW_TINY_LOGIC_FRIEND_LA_TRUE=''
HW_TONDAJ_SL_814_FALSE='#'
HW_TONDAJ_SL_814_TRUE=''
HW_UNI_T_DMM_FALSE='#'
HW_UNI_T_DMM_TRUE=''
HW_UNI_T_UT181A_FALSE='#'
HW_UNI_T_UT181A_TRUE=''
HW_UNI_T_UT32X_FALSE='#'
HW_UNI_T_UT32X_TRUE=''
HW_YOKOGAWA_DLM_FALSE='#'
HW_YOKOGAWA_DLM_TRUE=''
HW_ZEROPLUS_LOGIC_CUBE_FALSE='#'
HW_ZEROPLUS_LOGIC_CUBE_TRUE=''
HW_ZKETECH_EBD_USB_FALSE='#'
HW_ZKETECH_EBD_USB_TRUE=''
INSTALL_DATA='${INSTALL} -m 644'
INSTALL_PROGRAM='${INSTALL}'
INSTALL_SCRIPT='${INSTALL}'
INSTALL_STRIP_PROGRAM='$(install_sh) -c -s'
JAVAC='javac'
JNI_CPPFLAGS=''
LD='/Library/Developer/CommandLineTools/usr/bin/ld'
LDFLAGS=''
LIBOBJS=''
LIBS=''
LIBSIGROKCXX_CFLAGS='-I/usr/local/Cellar/libffi/3.3_3/include -I/usr/local/Cellar/glibmm@2.66/2.66.0/include/glibmm-2.4 -I/usr/local/Cellar/glibmm@2.66/2.66.0/lib/glibmm-2.4/include -I/usr/local/Cellar/glib/2.68.1/include -I/usr/local/Cellar/glib/2.68.1/include/glib-2.0 -I/usr/local/Cellar/glib/2.68.1/lib/glib-2.0/include -I/usr/local/opt/gettext/include -I/usr/local/Cellar/pcre/8.44/include -I/usr/local/Cellar/libsigc++@2/2.10.6/include/sigc++-2.0 -I/usr/local/Cellar/libsigc++@2/2.10.6/lib/sigc++-2.0/include'
LIBSIGROKCXX_LIBS='-L/usr/local/Cellar/glibmm@2.66/2.66.0/lib -L/usr/local/Cellar/glib/2.68.1/lib -L/usr/local/opt/gettext/lib -L/usr/local/Cellar/libsigc++@2/2.10.6/lib -lglibmm-2.4 -lgobject-2.0 -lglib-2.0 -lintl -lsigc-2.0'
LIBSIGROK_CFLAGS='-I/usr/local/Cellar/libffi/3.3_3/include -I/Users/margaret/sr_macosx/include -I/usr/local/Cellar/libftdi/1.5_2/include/libftdi1 -I/usr/local/Cellar/libusb/1.0.24/include/libusb-1.0 -I/usr/local/Cellar/glib/2.68.1/include -I/usr/local/Cellar/glib/2.68.1/include/glib-2.0 -I/usr/local/Cellar/glib/2.68.1/lib/glib-2.0/include -I/usr/local/opt/gettext/include -I/usr/local/Cellar/pcre/8.44/include -I/usr/local/Cellar/libzip/1.7.3/include'
LIBSIGROK_LIBS='-L/Users/margaret/sr_macosx/lib -L/usr/local/Cellar/libftdi/1.5_2/lib -L/usr/local/Cellar/libusb/1.0.24/lib -L/usr/local/Cellar/glib/2.68.1/lib -L/usr/local/opt/gettext/lib -L/usr/local/Cellar/libzip/1.7.3/lib -lserialport -lftdi1 -lusb-1.0 -lgio-2.0 -lgobject-2.0 -lglib-2.0 -lintl -lzip'
LIBTOOL='$(SHELL) $(top_builddir)/libtool'
LIPO='lipo'
LN_S='ln -s'
LTLIBOBJS=''
LT_SYS_LIBRARY_PATH=''
MAKEINFO='${SHELL} '\''/Users/margaret/Github/sigrok-util/cross-compile/macosx/build/libsigrok/autostuff/missing'\'' makeinfo'
MANIFEST_TOOL=':'
MKDIR_P='/usr/local/bin/gmkdir -p'
NEED_GPIB_FALSE=''
NEED_GPIB_TRUE='#'
NEED_RPC_FALSE='#'
NEED_RPC_TRUE=''
NEED_SERIAL_FALSE='#'
NEED_SERIAL_TRUE=''
NEED_USB_FALSE='#'
NEED_USB_TRUE=''
NEED_VISA_FALSE=''
NEED_VISA_TRUE='#'
NM='/usr/bin/nm -B'
NMEDIT='nmedit'
OBJDUMP='objdump'
OBJEXT='o'
ORDER='|'
OTOOL64=':'
OTOOL='otool'
PACKAGE='libsigrok'
PACKAGE_BUGREPORT='sigrok-devel@lists.sourceforge.net'
PACKAGE_NAME='libsigrok'
PACKAGE_STRING='libsigrok 0.6.0'
PACKAGE_TARNAME='libsigrok'
PACKAGE_URL='http://www.sigrok.org'
PACKAGE_VERSION='0.6.0'
PATH_SEPARATOR=':'
PKG_CONFIG='/usr/local/bin/pkg-config'
PKG_CONFIG_LIBDIR=''
PKG_CONFIG_PATH='/Users/margaret/sr_macosx/lib/pkgconfig:/usr/local/opt/libffi/lib/pkgconfig:/usr/local/opt/python@2.7.17/lib/pkgconfig:/usr/local/opt/python@3.9/lib/pkgconfig:/usr/local/opt/qt@5.5/lib/pkgconfig'
PYSIGROK_CFLAGS='-I/usr/local/Cellar/libffi/3.3_3/include -I/usr/local/Cellar/pygobject3/3.40.1/include/pygobject-3.0 -I/usr/local/Cellar/glibmm@2.66/2.66.0/include/glibmm-2.4 -I/usr/local/Cellar/glibmm@2.66/2.66.0/lib/glibmm-2.4/include -I/usr/local/Cellar/glib/2.68.1/include -I/usr/local/Cellar/glib/2.68.1/include/glib-2.0 -I/usr/local/Cellar/glib/2.68.1/lib/glib-2.0/include -I/usr/local/opt/gettext/include -I/usr/local/Cellar/pcre/8.44/include -I/usr/local/Cellar/libsigc++@2/2.10.6/include/sigc++-2.0 -I/usr/local/Cellar/libsigc++@2/2.10.6/lib/sigc++-2.0/include'
PYSIGROK_LIBS='-L/usr/local/Cellar/glibmm@2.66/2.66.0/lib -L/usr/local/Cellar/glib/2.68.1/lib -L/usr/local/opt/gettext/lib -L/usr/local/Cellar/libsigc++@2/2.10.6/lib -lglibmm-2.4 -lgobject-2.0 -lglib-2.0 -lintl -lsigc-2.0'
PYTHON='/Users/margaret/.pyenv/shims/python'
PYTHON_EXEC_PREFIX='${exec_prefix}'
PYTHON_PLATFORM='darwin'
PYTHON_PREFIX='${prefix}'
PYTHON_VERSION='2.7'
RANLIB='ranlib'
RBSIGROK_CFLAGS='-I/usr/local/Cellar/libffi/3.3_3/include -I/usr/local/Cellar/glibmm@2.66/2.66.0/include/glibmm-2.4 -I/usr/local/Cellar/glibmm@2.66/2.66.0/lib/glibmm-2.4/include -I/usr/local/Cellar/glib/2.68.1/include -I/usr/local/Cellar/glib/2.68.1/include/glib-2.0 -I/usr/local/Cellar/glib/2.68.1/lib/glib-2.0/include -I/usr/local/opt/gettext/include -I/usr/local/Cellar/pcre/8.44/include -I/usr/local/Cellar/libsigc++@2/2.10.6/include/sigc++-2.0 -I/usr/local/Cellar/libsigc++@2/2.10.6/lib/sigc++-2.0/include'
RBSIGROK_EXTDIR='lib///vendor_ruby/'
RBSIGROK_LIBS='-L/usr/local/Cellar/glibmm@2.66/2.66.0/lib -L/usr/local/Cellar/glib/2.68.1/lib -L/usr/local/opt/gettext/lib -L/usr/local/Cellar/libsigc++@2/2.10.6/lib -lglibmm-2.4 -lgobject-2.0 -lglib-2.0 -lintl -lsigc-2.0'
RPC_CFLAGS=''
RPC_LIBS=''
RUBY='/usr/bin/ruby'
RUBY_DLEXT='bundle'
SED='/usr/bin/sed'
SET_MAKE=''
SHELL='/bin/sh'
SR_EXTRA_CFLAGS='-std=c99 -fvisibility=hidden'
SR_EXTRA_CXX_LIBS=''
SR_EXTRA_LIBS=''
SR_LIB_VERSION='4:0:0'
SR_PACKAGE_VERSION='0.6.0-git-f7305a73'
SR_PKGLIBS='libserialport >= 0.1.1 libftdi1 >= 1.0 libusb-1.0 >= 1.0.16 gio-2.0 >= 2.24.0 libzip >= 0.10'
SR_WFLAGS='-Wall -Wextra -Wmissing-prototypes'
SR_WXXFLAGS='-Wall -Wextra'
STRIP='strip'
SWIG='swig'
TESTS_CFLAGS='-D_THREAD_SAFE -I/usr/local/Cellar/libffi/3.3_3/include -I/Users/margaret/sr_macosx/include -I/usr/local/Cellar/check/0.15.2/include -I/usr/local/Cellar/libftdi/1.5_2/include/libftdi1 -I/usr/local/Cellar/libusb/1.0.24/include/libusb-1.0 -I/usr/local/Cellar/glib/2.68.1/include -I/usr/local/Cellar/glib/2.68.1/include/glib-2.0 -I/usr/local/Cellar/glib/2.68.1/lib/glib-2.0/include -I/usr/local/opt/gettext/include -I/usr/local/Cellar/pcre/8.44/include -I/usr/local/Cellar/libzip/1.7.3/include'
TESTS_LIBS='-L/Users/margaret/sr_macosx/lib -L/usr/local/Cellar/check/0.15.2/lib -L/usr/local/Cellar/libftdi/1.5_2/lib -L/usr/local/Cellar/libusb/1.0.24/lib -L/usr/local/Cellar/glib/2.68.1/lib -L/usr/local/opt/gettext/lib -L/usr/local/Cellar/libzip/1.7.3/lib -lcheck -lserialport -lftdi1 -lusb-1.0 -lgio-2.0 -lgobject-2.0 -lglib-2.0 -lintl -lzip'
TIRPC_CFLAGS=''
TIRPC_LIBS=''
VERSION='0.6.0'
WIN32_FALSE=''
WIN32_TRUE='#'
_ACJNI_JAVAC='/usr/bin/javac'
ac_ct_AR='ar'
ac_ct_CC='gcc'
ac_ct_CXX=''
ac_ct_DUMPBIN=''
am__EXEEXT_FALSE=''
am__EXEEXT_TRUE='#'
am__fastdepCC_FALSE='#'
am__fastdepCC_TRUE=''
am__fastdepCXX_FALSE='#'
am__fastdepCXX_TRUE=''
am__include='include'
am__isrc=' -I$(srcdir)'
am__leading_dot='.'
am__nodep='_no'
am__quote=''
am__tar='$${TAR-tar} chof - "$$tardir"'
am__untar='$${TAR-tar} xf -'
bindir='${exec_prefix}/bin'
build='x86_64-apple-darwin20.4.0'
build_alias=''
build_cpu='x86_64'
build_os='darwin20.4.0'
build_vendor='apple'
datadir='${datarootdir}'
datarootdir='${prefix}/share'
docdir='${datarootdir}/doc/${PACKAGE_TARNAME}'
dvidir='${docdir}'
exec_prefix='${prefix}'
host='x86_64-apple-darwin20.4.0'
host_alias=''
host_cpu='x86_64'
host_os='darwin20.4.0'
host_vendor='apple'
htmldir='${docdir}'
includedir='${prefix}/include'
infodir='${datarootdir}/info'
install_sh='${SHELL} /Users/margaret/Github/sigrok-util/cross-compile/macosx/build/libsigrok/autostuff/install-sh'
libdir='${exec_prefix}/lib'
libexecdir='${exec_prefix}/libexec'
localedir='${datarootdir}/locale'
localstatedir='${prefix}/var'
mandir='${datarootdir}/man'
mkdir_p='$(MKDIR_P)'
oldincludedir='/usr/include'
pdfdir='${docdir}'
pkgpyexecdir='${pyexecdir}/libsigrok'
pkgpythondir='${pythondir}/libsigrok'
prefix='/Users/margaret/sr_macosx'
program_transform_name='s,x,x,'
psdir='${docdir}'
pyexecdir='${exec_prefix}/lib/python2.7/site-packages'
pythondir='${prefix}/lib/python2.7/site-packages'
runstatedir='${localstatedir}/run'
sbindir='${exec_prefix}/sbin'
sharedstatedir='${prefix}/com'
sysconfdir='${prefix}/etc'
target_alias=''

## ----------- ##
## confdefs.h. ##
## ----------- ##

/* confdefs.h */
#define PACKAGE_NAME "libsigrok"
#define PACKAGE_TARNAME "libsigrok"
#define PACKAGE_VERSION "0.6.0"
#define PACKAGE_STRING "libsigrok 0.6.0"
#define PACKAGE_BUGREPORT "sigrok-devel@lists.sourceforge.net"
#define PACKAGE_URL "http://www.sigrok.org"
#define HAVE_STDIO_H 1
#define HAVE_STDLIB_H 1
#define HAVE_STRING_H 1
#define HAVE_INTTYPES_H 1
#define HAVE_STDINT_H 1
#define HAVE_STRINGS_H 1
#define HAVE_SYS_STAT_H 1
#define HAVE_SYS_TYPES_H 1
#define HAVE_UNISTD_H 1
#define STDC_HEADERS 1
#define HAVE_DLFCN_H 1
#define LT_OBJDIR ".libs/"
#define SR_PACKAGE_VERSION_MAJOR 0
#define SR_PACKAGE_VERSION_MINOR 6
#define SR_PACKAGE_VERSION_MICRO 0
#define SR_PACKAGE_VERSION_STRING "0.6.0-git-f7305a73"
#define SR_LIB_VERSION_CURRENT 4
#define SR_LIB_VERSION_REVISION 0
#define SR_LIB_VERSION_AGE 0
#define SR_LIB_VERSION_STRING "4:0:0"
#define HAVE_LIBSERIALPORT 1
#define CONF_LIBSERIALPORT_VERSION "0.1.1"
#define HAVE_LIBFTDI 1
#define CONF_LIBFTDI_VERSION "1.5"
#define HAVE_LIBUSB_1_0 1
#define CONF_LIBUSB_1_0_VERSION "1.0.24"
#define HAVE_LIBGIO 1
#define CONF_LIBGIO_VERSION "2.68.1"
#define HAVE_SERIAL_COMM 1
#define HAVE_SYS_MMAN_H 1
#define HAVE_SYS_IOCTL_H 1
#define HAVE_RPC 1
#define HAVE___INT128_T 1
#define HAVE___UINT128_T 1
#define HAVE_HW_AGILENT_DMM 1
#define HAVE_DRIVERS 1
#define HAVE_HW_APPA_55II 1
#define HAVE_DRIVERS 1
#define HAVE_HW_ARACHNID_LABS_RE_LOAD_PRO 1
#define HAVE_DRIVERS 1
#define HAVE_HW_ASIX_SIGMA 1
#define HAVE_DRIVERS 1
#define HAVE_HW_ATTEN_PPS3XXX 1
#define HAVE_DRIVERS 1
#define HAVE_HW_BEAGLELOGIC 1
#define HAVE_DRIVERS 1
#define HAVE_HW_CEM_DT_885X 1
#define HAVE_DRIVERS 1
#define HAVE_HW_CENTER_3XX 1
#define HAVE_DRIVERS 1
#define HAVE_HW_CHRONOVU_LA 1
#define HAVE_DRIVERS 1
#define HAVE_HW_COLEAD_SLM 1
#define HAVE_DRIVERS 1
#define HAVE_HW_CONRAD_DIGI_35_CPU 1
#define HAVE_DRIVERS 1
#define HAVE_HW_DEMO 1
#define HAVE_DRIVERS 1
#define HAVE_HW_DREAMSOURCELAB_DSLOGIC 1
#define HAVE_DRIVERS 1
#define HAVE_HW_FLUKE_45 1
#define HAVE_DRIVERS 1
#define HAVE_HW_FLUKE_DMM 1
#define HAVE_DRIVERS 1
#define HAVE_HW_FTDI_LA 1
#define HAVE_DRIVERS 1
#define HAVE_HW_FX2LAFW 1
#define HAVE_DRIVERS 1
#define HAVE_HW_GMC_MH_1X_2X 1
#define HAVE_DRIVERS 1
#define HAVE_HW_GWINSTEK_GDS_800 1
#define HAVE_DRIVERS 1
#define HAVE_HW_GWINSTEK_GPD 1
#define HAVE_DRIVERS 1
#define HAVE_HW_HAMEG_HMO 1
#define HAVE_DRIVERS 1
#define HAVE_HW_HANTEK_4032L 1
#define HAVE_DRIVERS 1
#define HAVE_HW_HANTEK_6XXX 1
#define HAVE_DRIVERS 1
#define HAVE_HW_HANTEK_DSO 1
#define HAVE_DRIVERS 1
#define HAVE_HW_HP_3457A 1
#define HAVE_DRIVERS 1
#define HAVE_HW_IKALOGIC_SCANALOGIC2 1
#define HAVE_DRIVERS 1
#define HAVE_HW_IKALOGIC_SCANAPLUS 1
#define HAVE_DRIVERS 1
#define HAVE_HW_IPDBG_LA 1
#define HAVE_DRIVERS 1
#define HAVE_HW_ITECH_IT8500 1
#define HAVE_DRIVERS 1
#define HAVE_HW_KECHENG_KC_330B 1
#define HAVE_DRIVERS 1
#define HAVE_HW_KERN_SCALE 1
#define HAVE_DRIVERS 1
#define HAVE_HW_KINGST_LA2016 1
#define HAVE_DRIVERS 1
#define HAVE_HW_KORAD_KAXXXXP 1
#define HAVE_DRIVERS 1
#define HAVE_HW_LASCAR_EL_USB 1
#define HAVE_DRIVERS 1
#define HAVE_HW_LECROY_LOGICSTUDIO 1
#define HAVE_DRIVERS 1
#define HAVE_HW_LECROY_XSTREAM 1
#define HAVE_DRIVERS 1
#define HAVE_HW_MANSON_HCS_3XXX 1
#define HAVE_DRIVERS 1
#define HAVE_HW_MASTECH_MS6514 1
#define HAVE_DRIVERS 1
#define HAVE_HW_MAYNUO_M97 1
#define HAVE_DRIVERS 1
#define HAVE_HW_MIC_985XX 1
#define HAVE_DRIVERS 1
#define HAVE_HW_MICROCHIP_PICKIT2 1
#define HAVE_DRIVERS 1
#define HAVE_HW_MOTECH_LPS_30X 1
#define HAVE_DRIVERS 1
#define HAVE_HW_NORMA_DMM 1
#define HAVE_DRIVERS 1
#define HAVE_HW_OPENBENCH_LOGIC_SNIFFER 1
#define HAVE_DRIVERS 1
#define HAVE_HW_PCE_322A 1
#define HAVE_DRIVERS 1
#define HAVE_HW_PIPISTRELLO_OLS 1
#define HAVE_DRIVERS 1
#define HAVE_HW_RDTECH_DPS 1
#define HAVE_DRIVERS 1
#define HAVE_HW_RDTECH_UM 1
#define HAVE_DRIVERS 1
#define HAVE_HW_RIGOL_DS 1
#define HAVE_DRIVERS 1
#define HAVE_HW_RIGOL_DG 1
#define HAVE_DRIVERS 1
#define HAVE_HW_ROHDE_SCHWARZ_SME_0X 1
#define HAVE_DRIVERS 1
#define HAVE_HW_SALEAE_LOGIC16 1
#define HAVE_DRIVERS 1
#define HAVE_HW_SALEAE_LOGIC_PRO 1
#define HAVE_DRIVERS 1
#define HAVE_HW_SCPI_DMM 1
#define HAVE_DRIVERS 1
#define HAVE_HW_SCPI_PPS 1
#define HAVE_DRIVERS 1
#define HAVE_HW_SERIAL_DMM 1
#define HAVE_DRIVERS 1
#define HAVE_HW_SERIAL_LCR 1
#define HAVE_DRIVERS 1
#define HAVE_HW_SIGLENT_SDS 1
#define HAVE_DRIVERS 1
#define HAVE_HW_SYSCLK_LWLA 1
#define HAVE_DRIVERS 1
#define HAVE_HW_SYSCLK_SLA5032 1
#define HAVE_DRIVERS 1
#define HAVE_HW_TELEINFO 1
#define HAVE_DRIVERS 1
#define HAVE_HW_TESTO 1
#define HAVE_DRIVERS 1
#define HAVE_HW_TINY_LOGIC_FRIEND_LA 1
#define HAVE_DRIVERS 1
#define HAVE_HW_TONDAJ_SL_814 1
#define HAVE_DRIVERS 1
#define HAVE_HW_UNI_T_DMM 1
#define HAVE_DRIVERS 1
#define HAVE_HW_UNI_T_UT181A 1
#define HAVE_DRIVERS 1
#define HAVE_HW_UNI_T_UT32X 1
#define HAVE_DRIVERS 1
#define HAVE_HW_YOKOGAWA_DLM 1
#define HAVE_DRIVERS 1
#define HAVE_HW_ZEROPLUS_LOGIC_CUBE 1
#define HAVE_DRIVERS 1
#define HAVE_HW_ZKETECH_EBD_USB 1
#define HAVE_DRIVERS 1
#define HAVE_CXX11 1
#define HAVE_STOI_STOD 1
#define HAVE_ZIP_DISCARD 1
#define CONF_LIBZIP_VERSION "1.7.3"
#define CONF_HOST "x86_64-apple-darwin20.4.0"

configure: exit 0

## ---------------------- ##
## Running config.status. ##
## ---------------------- ##

This file was extended by libsigrok config.status 0.6.0, which was
generated by GNU Autoconf 2.71.  Invocation command line was

  CONFIG_FILES    = 
  CONFIG_HEADERS  = 
  CONFIG_LINKS    = 
  CONFIG_COMMANDS = 
  $ ./config.status 

on iMac.attlocal.net

config.status:1544: creating Makefile
config.status:1544: creating libsigrok.pc
config.status:1544: creating bindings/cxx/libsigrokcxx.pc
config.status:1544: creating config.h
config.status:1544: creating include/libsigrok/version.h
config.status:1758: executing depfiles commands
config.status:1835: cd .       && sed -e '/# am--include-marker/d' Makefile         | make -f - am--depfiles
make[1]: Nothing to be done for `am--depfiles'.
config.status:1840: $? = 0
config.status:1758: executing libtool commands
